[0.013s] Invoking command in '/home/crist/smartwalker_ws/build/custom_interfaces': CMAKE_PREFIX_PATH=${CMAKE_PREFIX_PATH}:/home/crist/tesi/install/tesi_pkg:/home/crist/turtlebot3_ws/install/turtlebot3_teleop:/home/crist/turtlebot3_ws/install/turtlebot3_example:/home/crist/turtlebot_workspace/install/turtlebot_controller:/opt/ros/humble /usr/bin/cmake --build /home/crist/smartwalker_ws/build/custom_interfaces -- -j12 -l12
[0.052s] [  1%] [34m[1mGenerating C code for ROS interfaces[0m
[0.062s] [  3%] [34m[1mGenerating C++ code for ROS interfaces[0m
[0.070s] [  3%] Built target ament_cmake_python_symlink_custom_interfaces
[0.359s] running egg_info
[0.360s] creating custom_interfaces.egg-info
[0.378s] writing custom_interfaces.egg-info/PKG-INFO
[0.378s] writing dependency_links to custom_interfaces.egg-info/dependency_links.txt
[0.378s] writing top-level names to custom_interfaces.egg-info/top_level.txt
[0.378s] writing manifest file 'custom_interfaces.egg-info/SOURCES.txt'
[0.422s] [  5%] [32mBuilding C object CMakeFiles/custom_interfaces__rosidl_generator_c.dir/rosidl_generator_c/custom_interfaces/srv/detail/csv_file_name__functions.c.o[0m
[0.424s] [  7%] [32mBuilding C object CMakeFiles/custom_interfaces__rosidl_generator_c.dir/rosidl_generator_c/custom_interfaces/srv/detail/guide_selected__functions.c.o[0m
[0.426s] [  9%] [32mBuilding C object CMakeFiles/custom_interfaces__rosidl_generator_c.dir/rosidl_generator_c/custom_interfaces/srv/detail/velocity_registration__functions.c.o[0m
[0.427s] [ 10%] [32mBuilding C object CMakeFiles/custom_interfaces__rosidl_generator_c.dir/rosidl_generator_c/custom_interfaces/msg/detail/parameter__functions.c.o[0m
[0.430s] reading manifest file 'custom_interfaces.egg-info/SOURCES.txt'
[0.431s] writing manifest file 'custom_interfaces.egg-info/SOURCES.txt'
[0.437s] [ 10%] Built target custom_interfaces__cpp
[0.451s] [ 16%] [34m[1mGenerating C++ type support dispatch for ROS interfaces[0m
[0.451s] [ 16%] [34m[1mGenerating C++ introspection for ROS interfaces[0m
[0.452s] [ 16%] [34m[1mGenerating C++ type support for eProsima Fast-RTPS[0m
[0.486s] [ 16%] Built target ament_cmake_python_build_custom_interfaces_egg
[0.486s] [ 18%] [32m[1mLinking C shared library libcustom_interfaces__rosidl_generator_c.so[0m
[0.524s] [ 18%] Built target custom_interfaces__rosidl_generator_c
[0.535s] [ 21%] [34m[1mGenerating C type support dispatch for ROS interfaces[0m
[0.535s] [ 21%] [34m[1mGenerating C introspection for ROS interfaces[0m
[0.538s] [ 23%] [34m[1mGenerating C type support for eProsima Fast-RTPS[0m
[0.728s] [ 25%] [32mBuilding CXX object CMakeFiles/custom_interfaces__rosidl_typesupport_cpp.dir/rosidl_typesupport_cpp/custom_interfaces/srv/csv_file_name__type_support.cpp.o[0m
[0.729s] [ 29%] [32mBuilding CXX object CMakeFiles/custom_interfaces__rosidl_typesupport_cpp.dir/rosidl_typesupport_cpp/custom_interfaces/msg/parameter__type_support.cpp.o[0m
[0.729s] [ 29%] [32mBuilding CXX object CMakeFiles/custom_interfaces__rosidl_typesupport_cpp.dir/rosidl_typesupport_cpp/custom_interfaces/srv/guide_selected__type_support.cpp.o[0m
[0.729s] [ 30%] [32mBuilding CXX object CMakeFiles/custom_interfaces__rosidl_typesupport_cpp.dir/rosidl_typesupport_cpp/custom_interfaces/srv/velocity_registration__type_support.cpp.o[0m
[0.798s] [ 32%] [32mBuilding CXX object CMakeFiles/custom_interfaces__rosidl_typesupport_introspection_cpp.dir/rosidl_typesupport_introspection_cpp/custom_interfaces/srv/detail/csv_file_name__type_support.cpp.o[0m
[0.800s] [ 34%] [32mBuilding CXX object CMakeFiles/custom_interfaces__rosidl_typesupport_introspection_cpp.dir/rosidl_typesupport_introspection_cpp/custom_interfaces/srv/detail/guide_selected__type_support.cpp.o[0m
[0.802s] [ 36%] [32mBuilding CXX object CMakeFiles/custom_interfaces__rosidl_typesupport_introspection_cpp.dir/rosidl_typesupport_introspection_cpp/custom_interfaces/srv/detail/velocity_registration__type_support.cpp.o[0m
[0.803s] [ 38%] [32mBuilding CXX object CMakeFiles/custom_interfaces__rosidl_typesupport_introspection_cpp.dir/rosidl_typesupport_introspection_cpp/custom_interfaces/msg/detail/parameter__type_support.cpp.o[0m
[0.827s] [ 40%] [32mBuilding CXX object CMakeFiles/custom_interfaces__rosidl_typesupport_c.dir/rosidl_typesupport_c/custom_interfaces/srv/csv_file_name__type_support.cpp.o[0m
[0.886s] [ 41%] [32mBuilding CXX object CMakeFiles/custom_interfaces__rosidl_typesupport_c.dir/rosidl_typesupport_c/custom_interfaces/srv/guide_selected__type_support.cpp.o[0m
[0.977s] [ 43%] [32mBuilding CXX object CMakeFiles/custom_interfaces__rosidl_typesupport_c.dir/rosidl_typesupport_c/custom_interfaces/srv/velocity_registration__type_support.cpp.o[0m
[1.046s] [ 45%] [32mBuilding CXX object CMakeFiles/custom_interfaces__rosidl_typesupport_c.dir/rosidl_typesupport_c/custom_interfaces/msg/parameter__type_support.cpp.o[0m
[1.065s] [ 47%] [32mBuilding CXX object CMakeFiles/custom_interfaces__rosidl_typesupport_fastrtps_cpp.dir/rosidl_typesupport_fastrtps_cpp/custom_interfaces/srv/detail/dds_fastrtps/velocity_registration__type_support.cpp.o[0m
[1.069s] [ 49%] [32mBuilding CXX object CMakeFiles/custom_interfaces__rosidl_typesupport_fastrtps_cpp.dir/rosidl_typesupport_fastrtps_cpp/custom_interfaces/srv/detail/dds_fastrtps/csv_file_name__type_support.cpp.o[0m
[1.073s] [ 50%] [32mBuilding CXX object CMakeFiles/custom_interfaces__rosidl_typesupport_fastrtps_cpp.dir/rosidl_typesupport_fastrtps_cpp/custom_interfaces/srv/detail/dds_fastrtps/guide_selected__type_support.cpp.o[0m
[1.073s] [ 52%] [32mBuilding C object CMakeFiles/custom_interfaces__rosidl_typesupport_introspection_c.dir/rosidl_typesupport_introspection_c/custom_interfaces/srv/detail/csv_file_name__type_support.c.o[0m
[1.081s] [ 54%] [32m[1mLinking CXX shared library libcustom_interfaces__rosidl_typesupport_cpp.so[0m
[1.085s] [ 56%] [32mBuilding CXX object CMakeFiles/custom_interfaces__rosidl_typesupport_fastrtps_cpp.dir/rosidl_typesupport_fastrtps_cpp/custom_interfaces/msg/detail/dds_fastrtps/parameter__type_support.cpp.o[0m
[1.094s] [ 58%] [32m[1mLinking CXX shared library libcustom_interfaces__rosidl_typesupport_c.so[0m
[1.109s] [ 60%] [32mBuilding CXX object CMakeFiles/custom_interfaces__rosidl_typesupport_fastrtps_c.dir/rosidl_typesupport_fastrtps_c/custom_interfaces/srv/detail/csv_file_name__type_support_c.cpp.o[0m
[1.125s] [ 61%] [32mBuilding C object CMakeFiles/custom_interfaces__rosidl_typesupport_introspection_c.dir/rosidl_typesupport_introspection_c/custom_interfaces/srv/detail/guide_selected__type_support.c.o[0m
[1.143s] [ 61%] Built target custom_interfaces__rosidl_typesupport_cpp
[1.160s] [ 61%] Built target custom_interfaces__rosidl_typesupport_c
[1.167s] [ 63%] [32mBuilding C object CMakeFiles/custom_interfaces__rosidl_typesupport_introspection_c.dir/rosidl_typesupport_introspection_c/custom_interfaces/srv/detail/velocity_registration__type_support.c.o[0m
[1.182s] [ 65%] [32mBuilding CXX object CMakeFiles/custom_interfaces__rosidl_typesupport_fastrtps_c.dir/rosidl_typesupport_fastrtps_c/custom_interfaces/srv/detail/guide_selected__type_support_c.cpp.o[0m
[1.188s] [ 67%] [32mBuilding C object CMakeFiles/custom_interfaces__rosidl_typesupport_introspection_c.dir/rosidl_typesupport_introspection_c/custom_interfaces/msg/detail/parameter__type_support.c.o[0m
[1.235s] [ 69%] [32mBuilding CXX object CMakeFiles/custom_interfaces__rosidl_typesupport_fastrtps_c.dir/rosidl_typesupport_fastrtps_c/custom_interfaces/srv/detail/velocity_registration__type_support_c.cpp.o[0m
[1.272s] [ 70%] [32m[1mLinking C shared library libcustom_interfaces__rosidl_typesupport_introspection_c.so[0m
[1.289s] [ 72%] [32mBuilding CXX object CMakeFiles/custom_interfaces__rosidl_typesupport_fastrtps_c.dir/rosidl_typesupport_fastrtps_c/custom_interfaces/msg/detail/parameter__type_support_c.cpp.o[0m
[1.335s] [ 72%] Built target custom_interfaces__rosidl_typesupport_introspection_c
[1.368s] [ 74%] [32m[1mLinking CXX shared library libcustom_interfaces__rosidl_typesupport_introspection_cpp.so[0m
[1.477s] [ 74%] Built target custom_interfaces__rosidl_typesupport_introspection_cpp
[1.591s] [ 76%] [32m[1mLinking CXX shared library libcustom_interfaces__rosidl_typesupport_fastrtps_cpp.so[0m
[1.637s] [ 78%] [32m[1mLinking CXX shared library libcustom_interfaces__rosidl_typesupport_fastrtps_c.so[0m
[1.658s] [ 78%] Built target custom_interfaces__rosidl_typesupport_fastrtps_cpp
[1.703s] [ 78%] Built target custom_interfaces__rosidl_typesupport_fastrtps_c
[1.722s] [ 78%] Built target custom_interfaces
[1.743s] [ 80%] [34m[1mGenerating Python code for ROS interfaces[0m
[2.260s] [ 80%] Built target custom_interfaces__py
[2.279s] [ 87%] [32mBuilding C object CMakeFiles/custom_interfaces__rosidl_generator_py.dir/rosidl_generator_py/custom_interfaces/msg/_parameter_s.c.o[0m
[2.279s] [ 87%] [32mBuilding C object CMakeFiles/custom_interfaces__rosidl_generator_py.dir/rosidl_generator_py/custom_interfaces/srv/_velocity_registration_s.c.o[0m
[2.279s] [ 87%] [32mBuilding C object CMakeFiles/custom_interfaces__rosidl_generator_py.dir/rosidl_generator_py/custom_interfaces/srv/_guide_selected_s.c.o[0m
[2.279s] [ 87%] [32mBuilding C object CMakeFiles/custom_interfaces__rosidl_generator_py.dir/rosidl_generator_py/custom_interfaces/srv/_csv_file_name_s.c.o[0m
[2.362s] [ 89%] [32m[1mLinking C shared library rosidl_generator_py/custom_interfaces/libcustom_interfaces__rosidl_generator_py.so[0m
[2.401s] [ 89%] Built target custom_interfaces__rosidl_generator_py
[2.422s] [ 92%] [32mBuilding C object CMakeFiles/custom_interfaces__rosidl_typesupport_fastrtps_c__pyext.dir/rosidl_generator_py/custom_interfaces/_custom_interfaces_s.ep.rosidl_typesupport_fastrtps_c.c.o[0m
[2.422s] [ 92%] [32mBuilding C object CMakeFiles/custom_interfaces__rosidl_typesupport_c__pyext.dir/rosidl_generator_py/custom_interfaces/_custom_interfaces_s.ep.rosidl_typesupport_c.c.o[0m
[2.422s] [ 94%] [32mBuilding C object CMakeFiles/custom_interfaces__rosidl_typesupport_introspection_c__pyext.dir/rosidl_generator_py/custom_interfaces/_custom_interfaces_s.ep.rosidl_typesupport_introspection_c.c.o[0m
[2.516s] [ 98%] [32m[1mLinking C shared library rosidl_generator_py/custom_interfaces/custom_interfaces_s__rosidl_typesupport_fastrtps_c.cpython-310-x86_64-linux-gnu.so[0m
[2.517s] [ 98%] [32m[1mLinking C shared library rosidl_generator_py/custom_interfaces/custom_interfaces_s__rosidl_typesupport_c.cpython-310-x86_64-linux-gnu.so[0m
[2.518s] [100%] [32m[1mLinking C shared library rosidl_generator_py/custom_interfaces/custom_interfaces_s__rosidl_typesupport_introspection_c.cpython-310-x86_64-linux-gnu.so[0m
[2.555s] [100%] Built target custom_interfaces__rosidl_typesupport_c__pyext
[2.555s] [100%] Built target custom_interfaces__rosidl_typesupport_introspection_c__pyext
[2.555s] [100%] Built target custom_interfaces__rosidl_typesupport_fastrtps_c__pyext
