running develop
running egg_info
creating smartwalker_pkg.egg-info
writing smartwalker_pkg.egg-info/PKG-INFO
writing dependency_links to smartwalker_pkg.egg-info/dependency_links.txt
writing entry points to smartwalker_pkg.egg-info/entry_points.txt
writing requirements to smartwalker_pkg.egg-info/requires.txt
writing top-level names to smartwalker_pkg.egg-info/top_level.txt
writing manifest file 'smartwalker_pkg.egg-info/SOURCES.txt'
reading manifest file 'smartwalker_pkg.egg-info/SOURCES.txt'
writing manifest file 'smartwalker_pkg.egg-info/SOURCES.txt'
running build_ext
Creating /home/crist/smartwalker_ws/install/smartwalker_pkg/lib/python3.10/site-packages/smartwalker-pkg.egg-link (link to .)
Installing elaborate_data script to /home/crist/smartwalker_ws/install/smartwalker_pkg/lib/smartwalker_pkg
Installing initial_pose script to /home/crist/smartwalker_ws/install/smartwalker_pkg/lib/smartwalker_pkg
Installing move_test script to /home/crist/smartwalker_ws/install/smartwalker_pkg/lib/smartwalker_pkg
Installing odom_data_collector script to /home/crist/smartwalker_ws/install/smartwalker_pkg/lib/smartwalker_pkg
Installing parameter_server script to /home/crist/smartwalker_ws/install/smartwalker_pkg/lib/smartwalker_pkg
Installing rehabilitation_guide script to /home/crist/smartwalker_ws/install/smartwalker_pkg/lib/smartwalker_pkg
Installing subscribe_to_data script to /home/crist/smartwalker_ws/install/smartwalker_pkg/lib/smartwalker_pkg
Installing velocity_data script to /home/crist/smartwalker_ws/install/smartwalker_pkg/lib/smartwalker_pkg

Installed /home/crist/smartwalker_ws/build/smartwalker_pkg
running symlink_data
creating /home/crist/smartwalker_ws/install/smartwalker_pkg/share/ament_index
creating /home/crist/smartwalker_ws/install/smartwalker_pkg/share/ament_index/resource_index
creating /home/crist/smartwalker_ws/install/smartwalker_pkg/share/ament_index/resource_index/packages
symbolically linking /home/crist/smartwalker_ws/build/smartwalker_pkg/resource/smartwalker_pkg -> /home/crist/smartwalker_ws/install/smartwalker_pkg/share/ament_index/resource_index/packages
symbolically linking /home/crist/smartwalker_ws/build/smartwalker_pkg/package.xml -> /home/crist/smartwalker_ws/install/smartwalker_pkg/share/smartwalker_pkg
creating /home/crist/smartwalker_ws/install/smartwalker_pkg/share/smartwalker_pkg/launch
symbolically linking /home/crist/smartwalker_ws/build/smartwalker_pkg/launch/gazebo_simulation.launch.py -> /home/crist/smartwalker_ws/install/smartwalker_pkg/share/smartwalker_pkg/launch
symbolically linking /home/crist/smartwalker_ws/build/smartwalker_pkg/launch/simulation.launch.py -> /home/crist/smartwalker_ws/install/smartwalker_pkg/share/smartwalker_pkg/launch
symbolically linking /home/crist/smartwalker_ws/build/smartwalker_pkg/launch/display_simulation.launch.py -> /home/crist/smartwalker_ws/install/smartwalker_pkg/share/smartwalker_pkg/launch
symbolically linking /home/crist/smartwalker_ws/build/smartwalker_pkg/launch/ekf.launch.py -> /home/crist/smartwalker_ws/install/smartwalker_pkg/share/smartwalker_pkg/launch
symbolically linking /home/crist/smartwalker_ws/build/smartwalker_pkg/launch/tb3.launch.py -> /home/crist/smartwalker_ws/install/smartwalker_pkg/share/smartwalker_pkg/launch
symbolically linking /home/crist/smartwalker_ws/build/smartwalker_pkg/launch/README.txt -> /home/crist/smartwalker_ws/install/smartwalker_pkg/share/smartwalker_pkg/launch
symbolically linking /home/crist/smartwalker_ws/build/smartwalker_pkg/launch/data_nodes.launch.py -> /home/crist/smartwalker_ws/install/smartwalker_pkg/share/smartwalker_pkg/launch
creating /home/crist/smartwalker_ws/install/smartwalker_pkg/share/smartwalker_pkg/map
symbolically linking /home/crist/smartwalker_ws/build/smartwalker_pkg/map/planimetria.yaml -> /home/crist/smartwalker_ws/install/smartwalker_pkg/share/smartwalker_pkg/map
symbolically linking /home/crist/smartwalker_ws/build/smartwalker_pkg/map/csmtlab.yaml -> /home/crist/smartwalker_ws/install/smartwalker_pkg/share/smartwalker_pkg/map
symbolically linking /home/crist/smartwalker_ws/build/smartwalker_pkg/map/README.txt -> /home/crist/smartwalker_ws/install/smartwalker_pkg/share/smartwalker_pkg/map
symbolically linking /home/crist/smartwalker_ws/build/smartwalker_pkg/map/csmtlab.pgm -> /home/crist/smartwalker_ws/install/smartwalker_pkg/share/smartwalker_pkg/map
symbolically linking /home/crist/smartwalker_ws/build/smartwalker_pkg/map/planimetria.pgm -> /home/crist/smartwalker_ws/install/smartwalker_pkg/share/smartwalker_pkg/map
creating /home/crist/smartwalker_ws/install/smartwalker_pkg/share/smartwalker_pkg/model
symbolically linking /home/crist/smartwalker_ws/build/smartwalker_pkg/model/burger_model.sdf -> /home/crist/smartwalker_ws/install/smartwalker_pkg/share/smartwalker_pkg/model
creating /home/crist/smartwalker_ws/install/smartwalker_pkg/share/smartwalker_pkg/param
symbolically linking /home/crist/smartwalker_ws/build/smartwalker_pkg/param/ekf_local.yaml -> /home/crist/smartwalker_ws/install/smartwalker_pkg/share/smartwalker_pkg/param
symbolically linking /home/crist/smartwalker_ws/build/smartwalker_pkg/param/README.txt -> /home/crist/smartwalker_ws/install/smartwalker_pkg/share/smartwalker_pkg/param
symbolically linking /home/crist/smartwalker_ws/build/smartwalker_pkg/param/nav2_params.yaml -> /home/crist/smartwalker_ws/install/smartwalker_pkg/share/smartwalker_pkg/param
symbolically linking /home/crist/smartwalker_ws/build/smartwalker_pkg/param/ekf_global.yaml -> /home/crist/smartwalker_ws/install/smartwalker_pkg/share/smartwalker_pkg/param
creating /home/crist/smartwalker_ws/install/smartwalker_pkg/share/smartwalker_pkg/rviz
symbolically linking /home/crist/smartwalker_ws/build/smartwalker_pkg/rviz/sim_config.rviz -> /home/crist/smartwalker_ws/install/smartwalker_pkg/share/smartwalker_pkg/rviz
symbolically linking /home/crist/smartwalker_ws/build/smartwalker_pkg/rviz/real_config.rviz -> /home/crist/smartwalker_ws/install/smartwalker_pkg/share/smartwalker_pkg/rviz
creating /home/crist/smartwalker_ws/install/smartwalker_pkg/share/smartwalker_pkg/urdf
symbolically linking /home/crist/smartwalker_ws/build/smartwalker_pkg/urdf/turtlebot3_burger.urdf -> /home/crist/smartwalker_ws/install/smartwalker_pkg/share/smartwalker_pkg/urdf
creating /home/crist/smartwalker_ws/install/smartwalker_pkg/share/smartwalker_pkg/world
symbolically linking /home/crist/smartwalker_ws/build/smartwalker_pkg/world/planimetria.world -> /home/crist/smartwalker_ws/install/smartwalker_pkg/share/smartwalker_pkg/world
symbolically linking /home/crist/smartwalker_ws/build/smartwalker_pkg/world/planimetria_with_guide.world -> /home/crist/smartwalker_ws/install/smartwalker_pkg/share/smartwalker_pkg/world
