[0.971s] Invoking command in '/home/crist/smartwalker_ws/src/smartwalker_pkg': PYTHONPATH=/home/crist/smartwalker_ws/build/smartwalker_pkg/prefix_override:/usr/lib/python3/dist-packages/colcon_core/task/python/colcon_distutils_commands:/home/crist/smartwalker_ws/install/smartwalker_pkg/lib/python3.10/site-packages:${PYTHONPATH} /usr/bin/python3 -W ignore:setup.py install is deprecated -W ignore:easy_install command is deprecated setup.py egg_info --egg-base ../../build/smartwalker_pkg build --build-base /home/crist/smartwalker_ws/build/smartwalker_pkg/build install --record /home/crist/smartwalker_ws/build/smartwalker_pkg/install.log --single-version-externally-managed install_data
[1.502s] running egg_info
[1.516s] writing ../../build/smartwalker_pkg/smartwalker_pkg.egg-info/PKG-INFO
[1.516s] writing dependency_links to ../../build/smartwalker_pkg/smartwalker_pkg.egg-info/dependency_links.txt
[1.516s] writing entry points to ../../build/smartwalker_pkg/smartwalker_pkg.egg-info/entry_points.txt
[1.516s] writing requirements to ../../build/smartwalker_pkg/smartwalker_pkg.egg-info/requires.txt
[1.516s] writing top-level names to ../../build/smartwalker_pkg/smartwalker_pkg.egg-info/top_level.txt
[1.558s] reading manifest file '../../build/smartwalker_pkg/smartwalker_pkg.egg-info/SOURCES.txt'
[1.559s] writing manifest file '../../build/smartwalker_pkg/smartwalker_pkg.egg-info/SOURCES.txt'
[1.559s] running build
[1.559s] running build_py
[1.560s] creating /home/crist/smartwalker_ws/build/smartwalker_pkg/build/lib/smartwalker_pkg
[1.560s] copying smartwalker_pkg/__init__.py -> /home/crist/smartwalker_ws/build/smartwalker_pkg/build/lib/smartwalker_pkg
[1.561s] running install
[1.565s] running install_lib
[1.579s] creating /home/crist/smartwalker_ws/install/smartwalker_pkg/lib/python3.10/site-packages/smartwalker_pkg
[1.580s] copying /home/crist/smartwalker_ws/build/smartwalker_pkg/build/lib/smartwalker_pkg/__init__.py -> /home/crist/smartwalker_ws/install/smartwalker_pkg/lib/python3.10/site-packages/smartwalker_pkg
[1.580s] byte-compiling /home/crist/smartwalker_ws/install/smartwalker_pkg/lib/python3.10/site-packages/smartwalker_pkg/__init__.py to __init__.cpython-310.pyc
[1.581s] running install_data
[1.581s] error: can't copy 'resource/smartwalker_pkg': doesn't exist or not a regular file
[1.625s] Invoked command in '/home/crist/smartwalker_ws/src/smartwalker_pkg' returned '1': PYTHONPATH=/home/crist/smartwalker_ws/build/smartwalker_pkg/prefix_override:/usr/lib/python3/dist-packages/colcon_core/task/python/colcon_distutils_commands:/home/crist/smartwalker_ws/install/smartwalker_pkg/lib/python3.10/site-packages:${PYTHONPATH} /usr/bin/python3 -W ignore:setup.py install is deprecated -W ignore:easy_install command is deprecated setup.py egg_info --egg-base ../../build/smartwalker_pkg build --build-base /home/crist/smartwalker_ws/build/smartwalker_pkg/build install --record /home/crist/smartwalker_ws/build/smartwalker_pkg/install.log --single-version-externally-managed install_data
