[0.791s] Invoking command in '/home/crist/smartwalker_ws/build/smartwalker_pkg': PYTHONPATH=/home/crist/smartwalker_ws/build/smartwalker_pkg/prefix_override:/usr/lib/python3/dist-packages/colcon_core/task/python/colcon_distutils_commands:/home/crist/smartwalker_ws/install/smartwalker_pkg/lib/python3.10/site-packages:${PYTHONPATH} /usr/bin/python3 -W ignore:setup.py install is deprecated -W ignore:easy_install command is deprecated setup.py develop --editable --build-directory /home/crist/smartwalker_ws/build/smartwalker_pkg/build --no-deps symlink_data
[1.097s] running develop
[1.289s] running egg_info
[1.289s] creating smartwalker_pkg.egg-info
[1.300s] writing smartwalker_pkg.egg-info/PKG-INFO
[1.301s] writing dependency_links to smartwalker_pkg.egg-info/dependency_links.txt
[1.301s] writing entry points to smartwalker_pkg.egg-info/entry_points.txt
[1.301s] writing requirements to smartwalker_pkg.egg-info/requires.txt
[1.301s] writing top-level names to smartwalker_pkg.egg-info/top_level.txt
[1.301s] writing manifest file 'smartwalker_pkg.egg-info/SOURCES.txt'
[1.326s] reading manifest file 'smartwalker_pkg.egg-info/SOURCES.txt'
[1.326s] writing manifest file 'smartwalker_pkg.egg-info/SOURCES.txt'
[1.339s] running build_ext
[1.339s] Creating /home/crist/smartwalker_ws/install/smartwalker_pkg/lib/python3.10/site-packages/smartwalker-pkg.egg-link (link to .)
[1.340s] Installing elaborate_data script to /home/crist/smartwalker_ws/install/smartwalker_pkg/lib/smartwalker_pkg
[1.340s] Installing initial_pose script to /home/crist/smartwalker_ws/install/smartwalker_pkg/lib/smartwalker_pkg
[1.340s] Installing move_test script to /home/crist/smartwalker_ws/install/smartwalker_pkg/lib/smartwalker_pkg
[1.340s] Installing odom_data_collector script to /home/crist/smartwalker_ws/install/smartwalker_pkg/lib/smartwalker_pkg
[1.340s] Installing parameter_server script to /home/crist/smartwalker_ws/install/smartwalker_pkg/lib/smartwalker_pkg
[1.340s] Installing rehabilitation_guide script to /home/crist/smartwalker_ws/install/smartwalker_pkg/lib/smartwalker_pkg
[1.340s] Installing subscribe_to_data script to /home/crist/smartwalker_ws/install/smartwalker_pkg/lib/smartwalker_pkg
[1.340s] Installing velocity_data script to /home/crist/smartwalker_ws/install/smartwalker_pkg/lib/smartwalker_pkg
[1.340s] 
[1.341s] Installed /home/crist/smartwalker_ws/build/smartwalker_pkg
[1.341s] running symlink_data
[1.341s] creating /home/crist/smartwalker_ws/install/smartwalker_pkg/share/ament_index
[1.341s] creating /home/crist/smartwalker_ws/install/smartwalker_pkg/share/ament_index/resource_index
[1.341s] creating /home/crist/smartwalker_ws/install/smartwalker_pkg/share/ament_index/resource_index/packages
[1.341s] error: can't copy '/home/crist/smartwalker_ws/build/smartwalker_pkg/resource/smartwalker_pkg': doesn't exist or not a regular file
[1.379s] Invoked command in '/home/crist/smartwalker_ws/build/smartwalker_pkg' returned '1': PYTHONPATH=/home/crist/smartwalker_ws/build/smartwalker_pkg/prefix_override:/usr/lib/python3/dist-packages/colcon_core/task/python/colcon_distutils_commands:/home/crist/smartwalker_ws/install/smartwalker_pkg/lib/python3.10/site-packages:${PYTHONPATH} /usr/bin/python3 -W ignore:setup.py install is deprecated -W ignore:easy_install command is deprecated setup.py develop --editable --build-directory /home/crist/smartwalker_ws/build/smartwalker_pkg/build --no-deps symlink_data
