[35m[1mConsolidate compiler generated dependencies of target custom_interfaces__rosidl_generator_c[0m
[  1%] Built target custom_interfaces__cpp
[ 12%] Built target custom_interfaces__rosidl_generator_c
[ 12%] Built target ament_cmake_python_symlink_custom_interfaces
[35m[1mConsolidate compiler generated dependencies of target custom_interfaces__rosidl_typesupport_introspection_cpp[0m
[35m[1mConsolidate compiler generated dependencies of target custom_interfaces__rosidl_typesupport_cpp[0m
[35m[1mConsolidate compiler generated dependencies of target custom_interfaces__rosidl_typesupport_fastrtps_c[0m
[35m[1mConsolidate compiler generated dependencies of target custom_interfaces__rosidl_typesupport_fastrtps_cpp[0m
[35m[1mConsolidate compiler generated dependencies of target custom_interfaces__rosidl_typesupport_c[0m
[35m[1mConsolidate compiler generated dependencies of target custom_interfaces__rosidl_typesupport_introspection_c[0m
[ 23%] Built target custom_interfaces__rosidl_typesupport_introspection_cpp
[ 34%] Built target custom_interfaces__rosidl_typesupport_cpp
[ 45%] Built target custom_interfaces__rosidl_typesupport_c
[ 56%] Built target custom_interfaces__rosidl_typesupport_fastrtps_cpp
[ 67%] Built target custom_interfaces__rosidl_typesupport_fastrtps_c
[ 78%] Built target custom_interfaces__rosidl_typesupport_introspection_c
[ 78%] Built target custom_interfaces
[ 80%] Built target custom_interfaces__py
[35m[1mConsolidate compiler generated dependencies of target custom_interfaces__rosidl_generator_py[0m
[ 89%] Built target custom_interfaces__rosidl_generator_py
[35m[1mConsolidate compiler generated dependencies of target custom_interfaces__rosidl_typesupport_c__pyext[0m
[35m[1mConsolidate compiler generated dependencies of target custom_interfaces__rosidl_typesupport_fastrtps_c__pyext[0m
[35m[1mConsolidate compiler generated dependencies of target custom_interfaces__rosidl_typesupport_introspection_c__pyext[0m
[100%] Built target custom_interfaces__rosidl_typesupport_introspection_c__pyext
[100%] Built target custom_interfaces__rosidl_typesupport_fastrtps_c__pyext
[100%] Built target custom_interfaces__rosidl_typesupport_c__pyext
running egg_info
writing custom_interfaces.egg-info/PKG-INFO
writing dependency_links to custom_interfaces.egg-info/dependency_links.txt
writing top-level names to custom_interfaces.egg-info/top_level.txt
reading manifest file 'custom_interfaces.egg-info/SOURCES.txt'
writing manifest file 'custom_interfaces.egg-info/SOURCES.txt'
[100%] Built target ament_cmake_python_build_custom_interfaces_egg
-- Install configuration: ""
-- Execute custom install script
-- Symlinking: /home/crist/smartwalker_ws/install/custom_interfaces/share/ament_index/resource_index/rosidl_interfaces/custom_interfaces
-- Symlinking: /home/crist/smartwalker_ws/install/custom_interfaces/include/custom_interfaces/custom_interfaces/msg/detail/parameter__functions.h
-- Symlinking: /home/crist/smartwalker_ws/install/custom_interfaces/include/custom_interfaces/custom_interfaces/msg/detail/parameter__struct.h
-- Symlinking: /home/crist/smartwalker_ws/install/custom_interfaces/include/custom_interfaces/custom_interfaces/msg/detail/parameter__type_support.h
-- Symlinking: /home/crist/smartwalker_ws/install/custom_interfaces/include/custom_interfaces/custom_interfaces/msg/parameter.h
-- Symlinking: /home/crist/smartwalker_ws/install/custom_interfaces/include/custom_interfaces/custom_interfaces/msg/rosidl_generator_c__visibility_control.h
-- Symlinking: /home/crist/smartwalker_ws/install/custom_interfaces/include/custom_interfaces/custom_interfaces/srv/csv_file_name.h
-- Symlinking: /home/crist/smartwalker_ws/install/custom_interfaces/include/custom_interfaces/custom_interfaces/srv/detail/csv_file_name__functions.h
-- Symlinking: /home/crist/smartwalker_ws/install/custom_interfaces/include/custom_interfaces/custom_interfaces/srv/detail/csv_file_name__struct.h
-- Symlinking: /home/crist/smartwalker_ws/install/custom_interfaces/include/custom_interfaces/custom_interfaces/srv/detail/csv_file_name__type_support.h
-- Symlinking: /home/crist/smartwalker_ws/install/custom_interfaces/include/custom_interfaces/custom_interfaces/srv/detail/guide_selected__functions.h
-- Symlinking: /home/crist/smartwalker_ws/install/custom_interfaces/include/custom_interfaces/custom_interfaces/srv/detail/guide_selected__struct.h
-- Symlinking: /home/crist/smartwalker_ws/install/custom_interfaces/include/custom_interfaces/custom_interfaces/srv/detail/guide_selected__type_support.h
-- Symlinking: /home/crist/smartwalker_ws/install/custom_interfaces/include/custom_interfaces/custom_interfaces/srv/detail/velocity_registration__functions.h
-- Symlinking: /home/crist/smartwalker_ws/install/custom_interfaces/include/custom_interfaces/custom_interfaces/srv/detail/velocity_registration__struct.h
-- Symlinking: /home/crist/smartwalker_ws/install/custom_interfaces/include/custom_interfaces/custom_interfaces/srv/detail/velocity_registration__type_support.h
-- Symlinking: /home/crist/smartwalker_ws/install/custom_interfaces/include/custom_interfaces/custom_interfaces/srv/guide_selected.h
-- Symlinking: /home/crist/smartwalker_ws/install/custom_interfaces/include/custom_interfaces/custom_interfaces/srv/velocity_registration.h
-- Symlinking: /home/crist/smartwalker_ws/install/custom_interfaces/share/custom_interfaces/environment/library_path.sh
-- Symlinking: /home/crist/smartwalker_ws/install/custom_interfaces/share/custom_interfaces/environment/library_path.dsv
-- Symlinking: /home/crist/smartwalker_ws/install/custom_interfaces/include/custom_interfaces/custom_interfaces/msg/detail/parameter__rosidl_typesupport_fastrtps_c.h
-- Symlinking: /home/crist/smartwalker_ws/install/custom_interfaces/include/custom_interfaces/custom_interfaces/msg/rosidl_typesupport_fastrtps_c__visibility_control.h
-- Symlinking: /home/crist/smartwalker_ws/install/custom_interfaces/include/custom_interfaces/custom_interfaces/srv/detail/csv_file_name__rosidl_typesupport_fastrtps_c.h
-- Symlinking: /home/crist/smartwalker_ws/install/custom_interfaces/include/custom_interfaces/custom_interfaces/srv/detail/guide_selected__rosidl_typesupport_fastrtps_c.h
-- Symlinking: /home/crist/smartwalker_ws/install/custom_interfaces/include/custom_interfaces/custom_interfaces/srv/detail/velocity_registration__rosidl_typesupport_fastrtps_c.h
-- Symlinking: /home/crist/smartwalker_ws/install/custom_interfaces/include/custom_interfaces/custom_interfaces/msg/detail/parameter__builder.hpp
-- Symlinking: /home/crist/smartwalker_ws/install/custom_interfaces/include/custom_interfaces/custom_interfaces/msg/detail/parameter__struct.hpp
-- Symlinking: /home/crist/smartwalker_ws/install/custom_interfaces/include/custom_interfaces/custom_interfaces/msg/detail/parameter__traits.hpp
-- Symlinking: /home/crist/smartwalker_ws/install/custom_interfaces/include/custom_interfaces/custom_interfaces/msg/detail/parameter__type_support.hpp
-- Symlinking: /home/crist/smartwalker_ws/install/custom_interfaces/include/custom_interfaces/custom_interfaces/msg/parameter.hpp
-- Symlinking: /home/crist/smartwalker_ws/install/custom_interfaces/include/custom_interfaces/custom_interfaces/msg/rosidl_generator_cpp__visibility_control.hpp
-- Symlinking: /home/crist/smartwalker_ws/install/custom_interfaces/include/custom_interfaces/custom_interfaces/srv/csv_file_name.hpp
-- Symlinking: /home/crist/smartwalker_ws/install/custom_interfaces/include/custom_interfaces/custom_interfaces/srv/detail/csv_file_name__builder.hpp
-- Symlinking: /home/crist/smartwalker_ws/install/custom_interfaces/include/custom_interfaces/custom_interfaces/srv/detail/csv_file_name__struct.hpp
-- Symlinking: /home/crist/smartwalker_ws/install/custom_interfaces/include/custom_interfaces/custom_interfaces/srv/detail/csv_file_name__traits.hpp
-- Symlinking: /home/crist/smartwalker_ws/install/custom_interfaces/include/custom_interfaces/custom_interfaces/srv/detail/csv_file_name__type_support.hpp
-- Symlinking: /home/crist/smartwalker_ws/install/custom_interfaces/include/custom_interfaces/custom_interfaces/srv/detail/guide_selected__builder.hpp
-- Symlinking: /home/crist/smartwalker_ws/install/custom_interfaces/include/custom_interfaces/custom_interfaces/srv/detail/guide_selected__struct.hpp
-- Symlinking: /home/crist/smartwalker_ws/install/custom_interfaces/include/custom_interfaces/custom_interfaces/srv/detail/guide_selected__traits.hpp
-- Symlinking: /home/crist/smartwalker_ws/install/custom_interfaces/include/custom_interfaces/custom_interfaces/srv/detail/guide_selected__type_support.hpp
-- Symlinking: /home/crist/smartwalker_ws/install/custom_interfaces/include/custom_interfaces/custom_interfaces/srv/detail/velocity_registration__builder.hpp
-- Symlinking: /home/crist/smartwalker_ws/install/custom_interfaces/include/custom_interfaces/custom_interfaces/srv/detail/velocity_registration__struct.hpp
-- Symlinking: /home/crist/smartwalker_ws/install/custom_interfaces/include/custom_interfaces/custom_interfaces/srv/detail/velocity_registration__traits.hpp
-- Symlinking: /home/crist/smartwalker_ws/install/custom_interfaces/include/custom_interfaces/custom_interfaces/srv/detail/velocity_registration__type_support.hpp
-- Symlinking: /home/crist/smartwalker_ws/install/custom_interfaces/include/custom_interfaces/custom_interfaces/srv/guide_selected.hpp
-- Symlinking: /home/crist/smartwalker_ws/install/custom_interfaces/include/custom_interfaces/custom_interfaces/srv/velocity_registration.hpp
-- Symlinking: /home/crist/smartwalker_ws/install/custom_interfaces/include/custom_interfaces/custom_interfaces/msg/detail/parameter__rosidl_typesupport_fastrtps_cpp.hpp
-- Symlinking: /home/crist/smartwalker_ws/install/custom_interfaces/include/custom_interfaces/custom_interfaces/msg/rosidl_typesupport_fastrtps_cpp__visibility_control.h
-- Symlinking: /home/crist/smartwalker_ws/install/custom_interfaces/include/custom_interfaces/custom_interfaces/srv/detail/csv_file_name__rosidl_typesupport_fastrtps_cpp.hpp
-- Symlinking: /home/crist/smartwalker_ws/install/custom_interfaces/include/custom_interfaces/custom_interfaces/srv/detail/guide_selected__rosidl_typesupport_fastrtps_cpp.hpp
-- Symlinking: /home/crist/smartwalker_ws/install/custom_interfaces/include/custom_interfaces/custom_interfaces/srv/detail/velocity_registration__rosidl_typesupport_fastrtps_cpp.hpp
-- Symlinking: /home/crist/smartwalker_ws/install/custom_interfaces/include/custom_interfaces/custom_interfaces/msg/detail/parameter__rosidl_typesupport_introspection_c.h
-- Symlinking: /home/crist/smartwalker_ws/install/custom_interfaces/include/custom_interfaces/custom_interfaces/msg/rosidl_typesupport_introspection_c__visibility_control.h
-- Symlinking: /home/crist/smartwalker_ws/install/custom_interfaces/include/custom_interfaces/custom_interfaces/srv/detail/csv_file_name__rosidl_typesupport_introspection_c.h
-- Symlinking: /home/crist/smartwalker_ws/install/custom_interfaces/include/custom_interfaces/custom_interfaces/srv/detail/guide_selected__rosidl_typesupport_introspection_c.h
-- Symlinking: /home/crist/smartwalker_ws/install/custom_interfaces/include/custom_interfaces/custom_interfaces/srv/detail/velocity_registration__rosidl_typesupport_introspection_c.h
-- Symlinking: /home/crist/smartwalker_ws/install/custom_interfaces/include/custom_interfaces/custom_interfaces/msg/detail/parameter__rosidl_typesupport_introspection_cpp.hpp
-- Symlinking: /home/crist/smartwalker_ws/install/custom_interfaces/include/custom_interfaces/custom_interfaces/srv/detail/csv_file_name__rosidl_typesupport_introspection_cpp.hpp
-- Symlinking: /home/crist/smartwalker_ws/install/custom_interfaces/include/custom_interfaces/custom_interfaces/srv/detail/guide_selected__rosidl_typesupport_introspection_cpp.hpp
-- Symlinking: /home/crist/smartwalker_ws/install/custom_interfaces/include/custom_interfaces/custom_interfaces/srv/detail/velocity_registration__rosidl_typesupport_introspection_cpp.hpp
-- Symlinking: /home/crist/smartwalker_ws/install/custom_interfaces/share/custom_interfaces/environment/pythonpath.sh
-- Symlinking: /home/crist/smartwalker_ws/install/custom_interfaces/share/custom_interfaces/environment/pythonpath.dsv
-- Symlinking: /home/crist/smartwalker_ws/install/custom_interfaces/local/lib/python3.10/dist-packages/custom_interfaces-0.0.0-py3.10.egg-info/PKG-INFO
-- Symlinking: /home/crist/smartwalker_ws/install/custom_interfaces/local/lib/python3.10/dist-packages/custom_interfaces-0.0.0-py3.10.egg-info/SOURCES.txt
-- Symlinking: /home/crist/smartwalker_ws/install/custom_interfaces/local/lib/python3.10/dist-packages/custom_interfaces-0.0.0-py3.10.egg-info/dependency_links.txt
-- Symlinking: /home/crist/smartwalker_ws/install/custom_interfaces/local/lib/python3.10/dist-packages/custom_interfaces-0.0.0-py3.10.egg-info/top_level.txt
-- Symlinking: /home/crist/smartwalker_ws/install/custom_interfaces/local/lib/python3.10/dist-packages/custom_interfaces/__init__.py
-- Symlinking: /home/crist/smartwalker_ws/install/custom_interfaces/local/lib/python3.10/dist-packages/custom_interfaces/_custom_interfaces_s.ep.rosidl_typesupport_c.c
-- Symlinking: /home/crist/smartwalker_ws/install/custom_interfaces/local/lib/python3.10/dist-packages/custom_interfaces/_custom_interfaces_s.ep.rosidl_typesupport_fastrtps_c.c
-- Symlinking: /home/crist/smartwalker_ws/install/custom_interfaces/local/lib/python3.10/dist-packages/custom_interfaces/_custom_interfaces_s.ep.rosidl_typesupport_introspection_c.c
-- Symlinking: /home/crist/smartwalker_ws/install/custom_interfaces/local/lib/python3.10/dist-packages/custom_interfaces/custom_interfaces_s__rosidl_typesupport_c.cpython-310-x86_64-linux-gnu.so
-- Symlinking: /home/crist/smartwalker_ws/install/custom_interfaces/local/lib/python3.10/dist-packages/custom_interfaces/custom_interfaces_s__rosidl_typesupport_fastrtps_c.cpython-310-x86_64-linux-gnu.so
-- Symlinking: /home/crist/smartwalker_ws/install/custom_interfaces/local/lib/python3.10/dist-packages/custom_interfaces/custom_interfaces_s__rosidl_typesupport_introspection_c.cpython-310-x86_64-linux-gnu.so
-- Symlinking: /home/crist/smartwalker_ws/install/custom_interfaces/local/lib/python3.10/dist-packages/custom_interfaces/libcustom_interfaces__rosidl_generator_py.so
-- Symlinking: /home/crist/smartwalker_ws/install/custom_interfaces/local/lib/python3.10/dist-packages/custom_interfaces/msg/__init__.py
-- Symlinking: /home/crist/smartwalker_ws/install/custom_interfaces/local/lib/python3.10/dist-packages/custom_interfaces/msg/_parameter.py
-- Symlinking: /home/crist/smartwalker_ws/install/custom_interfaces/local/lib/python3.10/dist-packages/custom_interfaces/msg/_parameter_s.c
-- Symlinking: /home/crist/smartwalker_ws/install/custom_interfaces/local/lib/python3.10/dist-packages/custom_interfaces/srv/__init__.py
-- Symlinking: /home/crist/smartwalker_ws/install/custom_interfaces/local/lib/python3.10/dist-packages/custom_interfaces/srv/_csv_file_name.py
-- Symlinking: /home/crist/smartwalker_ws/install/custom_interfaces/local/lib/python3.10/dist-packages/custom_interfaces/srv/_csv_file_name_s.c
-- Symlinking: /home/crist/smartwalker_ws/install/custom_interfaces/local/lib/python3.10/dist-packages/custom_interfaces/srv/_guide_selected.py
-- Symlinking: /home/crist/smartwalker_ws/install/custom_interfaces/local/lib/python3.10/dist-packages/custom_interfaces/srv/_guide_selected_s.c
-- Symlinking: /home/crist/smartwalker_ws/install/custom_interfaces/local/lib/python3.10/dist-packages/custom_interfaces/srv/_velocity_registration.py
-- Symlinking: /home/crist/smartwalker_ws/install/custom_interfaces/local/lib/python3.10/dist-packages/custom_interfaces/srv/_velocity_registration_s.c
-- Up-to-date symlink: /home/crist/smartwalker_ws/install/custom_interfaces/local/lib/python3.10/dist-packages/custom_interfaces/custom_interfaces_s__rosidl_typesupport_fastrtps_c.cpython-310-x86_64-linux-gnu.so
-- Up-to-date symlink: /home/crist/smartwalker_ws/install/custom_interfaces/local/lib/python3.10/dist-packages/custom_interfaces/custom_interfaces_s__rosidl_typesupport_introspection_c.cpython-310-x86_64-linux-gnu.so
-- Up-to-date symlink: /home/crist/smartwalker_ws/install/custom_interfaces/local/lib/python3.10/dist-packages/custom_interfaces/custom_interfaces_s__rosidl_typesupport_c.cpython-310-x86_64-linux-gnu.so
-- Symlinking: /home/crist/smartwalker_ws/install/custom_interfaces/share/custom_interfaces/srv/CSVFileName.idl
-- Symlinking: /home/crist/smartwalker_ws/install/custom_interfaces/share/custom_interfaces/srv/GuideSelected.idl
-- Symlinking: /home/crist/smartwalker_ws/install/custom_interfaces/share/custom_interfaces/srv/VelocityRegistration.idl
-- Symlinking: /home/crist/smartwalker_ws/install/custom_interfaces/share/custom_interfaces/msg/Parameter.idl
-- Symlinking: /home/crist/smartwalker_ws/install/custom_interfaces/share/custom_interfaces/srv/CSVFileName.srv
-- Symlinking: /home/crist/smartwalker_ws/install/custom_interfaces/share/custom_interfaces/srv/CSVFileName_Request.msg
-- Symlinking: /home/crist/smartwalker_ws/install/custom_interfaces/share/custom_interfaces/srv/CSVFileName_Response.msg
-- Symlinking: /home/crist/smartwalker_ws/install/custom_interfaces/share/custom_interfaces/srv/GuideSelected.srv
-- Symlinking: /home/crist/smartwalker_ws/install/custom_interfaces/share/custom_interfaces/srv/GuideSelected_Request.msg
-- Symlinking: /home/crist/smartwalker_ws/install/custom_interfaces/share/custom_interfaces/srv/GuideSelected_Response.msg
-- Symlinking: /home/crist/smartwalker_ws/install/custom_interfaces/share/custom_interfaces/srv/VelocityRegistration.srv
-- Symlinking: /home/crist/smartwalker_ws/install/custom_interfaces/share/custom_interfaces/srv/VelocityRegistration_Request.msg
-- Symlinking: /home/crist/smartwalker_ws/install/custom_interfaces/share/custom_interfaces/srv/VelocityRegistration_Response.msg
-- Symlinking: /home/crist/smartwalker_ws/install/custom_interfaces/share/custom_interfaces/msg/Parameter.msg
-- Symlinking: /home/crist/smartwalker_ws/install/custom_interfaces/share/ament_index/resource_index/package_run_dependencies/custom_interfaces
-- Symlinking: /home/crist/smartwalker_ws/install/custom_interfaces/share/ament_index/resource_index/parent_prefix_path/custom_interfaces
-- Symlinking: /home/crist/smartwalker_ws/install/custom_interfaces/share/custom_interfaces/environment/ament_prefix_path.sh
-- Symlinking: /home/crist/smartwalker_ws/install/custom_interfaces/share/custom_interfaces/environment/ament_prefix_path.dsv
-- Symlinking: /home/crist/smartwalker_ws/install/custom_interfaces/share/custom_interfaces/environment/path.sh
-- Symlinking: /home/crist/smartwalker_ws/install/custom_interfaces/share/custom_interfaces/environment/path.dsv
-- Symlinking: /home/crist/smartwalker_ws/install/custom_interfaces/share/custom_interfaces/local_setup.bash
-- Symlinking: /home/crist/smartwalker_ws/install/custom_interfaces/share/custom_interfaces/local_setup.sh
-- Symlinking: /home/crist/smartwalker_ws/install/custom_interfaces/share/custom_interfaces/local_setup.zsh
-- Symlinking: /home/crist/smartwalker_ws/install/custom_interfaces/share/custom_interfaces/local_setup.dsv
-- Symlinking: /home/crist/smartwalker_ws/install/custom_interfaces/share/custom_interfaces/package.dsv
-- Symlinking: /home/crist/smartwalker_ws/install/custom_interfaces/share/ament_index/resource_index/packages/custom_interfaces
-- Symlinking: /home/crist/smartwalker_ws/install/custom_interfaces/share/custom_interfaces/cmake/rosidl_cmake-extras.cmake
-- Symlinking: /home/crist/smartwalker_ws/install/custom_interfaces/share/custom_interfaces/cmake/ament_cmake_export_dependencies-extras.cmake
-- Symlinking: /home/crist/smartwalker_ws/install/custom_interfaces/share/custom_interfaces/cmake/ament_cmake_export_include_directories-extras.cmake
-- Symlinking: /home/crist/smartwalker_ws/install/custom_interfaces/share/custom_interfaces/cmake/ament_cmake_export_libraries-extras.cmake
-- Symlinking: /home/crist/smartwalker_ws/install/custom_interfaces/share/custom_interfaces/cmake/ament_cmake_export_targets-extras.cmake
-- Symlinking: /home/crist/smartwalker_ws/install/custom_interfaces/share/custom_interfaces/cmake/rosidl_cmake_export_typesupport_targets-extras.cmake
-- Symlinking: /home/crist/smartwalker_ws/install/custom_interfaces/share/custom_interfaces/cmake/rosidl_cmake_export_typesupport_libraries-extras.cmake
-- Symlinking: /home/crist/smartwalker_ws/install/custom_interfaces/share/custom_interfaces/cmake/custom_interfacesConfig.cmake
-- Symlinking: /home/crist/smartwalker_ws/install/custom_interfaces/share/custom_interfaces/cmake/custom_interfacesConfig-version.cmake
-- Symlinking: /home/crist/smartwalker_ws/install/custom_interfaces/share/custom_interfaces/package.xml
-- Installing: /home/crist/smartwalker_ws/install/custom_interfaces/lib/libcustom_interfaces__rosidl_generator_c.so
-- Set runtime path of "/home/crist/smartwalker_ws/install/custom_interfaces/lib/libcustom_interfaces__rosidl_generator_c.so" to ""
-- Installing: /home/crist/smartwalker_ws/install/custom_interfaces/lib/libcustom_interfaces__rosidl_typesupport_fastrtps_c.so
-- Set runtime path of "/home/crist/smartwalker_ws/install/custom_interfaces/lib/libcustom_interfaces__rosidl_typesupport_fastrtps_c.so" to ""
-- Installing: /home/crist/smartwalker_ws/install/custom_interfaces/lib/libcustom_interfaces__rosidl_typesupport_fastrtps_cpp.so
-- Set runtime path of "/home/crist/smartwalker_ws/install/custom_interfaces/lib/libcustom_interfaces__rosidl_typesupport_fastrtps_cpp.so" to ""
-- Installing: /home/crist/smartwalker_ws/install/custom_interfaces/lib/libcustom_interfaces__rosidl_typesupport_introspection_c.so
-- Set runtime path of "/home/crist/smartwalker_ws/install/custom_interfaces/lib/libcustom_interfaces__rosidl_typesupport_introspection_c.so" to ""
-- Installing: /home/crist/smartwalker_ws/install/custom_interfaces/lib/libcustom_interfaces__rosidl_typesupport_c.so
-- Set runtime path of "/home/crist/smartwalker_ws/install/custom_interfaces/lib/libcustom_interfaces__rosidl_typesupport_c.so" to ""
-- Installing: /home/crist/smartwalker_ws/install/custom_interfaces/lib/libcustom_interfaces__rosidl_typesupport_introspection_cpp.so
-- Set runtime path of "/home/crist/smartwalker_ws/install/custom_interfaces/lib/libcustom_interfaces__rosidl_typesupport_introspection_cpp.so" to ""
-- Installing: /home/crist/smartwalker_ws/install/custom_interfaces/lib/libcustom_interfaces__rosidl_typesupport_cpp.so
-- Set runtime path of "/home/crist/smartwalker_ws/install/custom_interfaces/lib/libcustom_interfaces__rosidl_typesupport_cpp.so" to ""
Listing '/home/crist/smartwalker_ws/install/custom_interfaces/local/lib/python3.10/dist-packages/custom_interfaces'...
Compiling '/home/crist/smartwalker_ws/install/custom_interfaces/local/lib/python3.10/dist-packages/custom_interfaces/__init__.py'...
Listing '/home/crist/smartwalker_ws/install/custom_interfaces/local/lib/python3.10/dist-packages/custom_interfaces/msg'...
Compiling '/home/crist/smartwalker_ws/install/custom_interfaces/local/lib/python3.10/dist-packages/custom_interfaces/msg/__init__.py'...
Compiling '/home/crist/smartwalker_ws/install/custom_interfaces/local/lib/python3.10/dist-packages/custom_interfaces/msg/_parameter.py'...
Listing '/home/crist/smartwalker_ws/install/custom_interfaces/local/lib/python3.10/dist-packages/custom_interfaces/srv'...
Compiling '/home/crist/smartwalker_ws/install/custom_interfaces/local/lib/python3.10/dist-packages/custom_interfaces/srv/__init__.py'...
Compiling '/home/crist/smartwalker_ws/install/custom_interfaces/local/lib/python3.10/dist-packages/custom_interfaces/srv/_csv_file_name.py'...
Compiling '/home/crist/smartwalker_ws/install/custom_interfaces/local/lib/python3.10/dist-packages/custom_interfaces/srv/_guide_selected.py'...
Compiling '/home/crist/smartwalker_ws/install/custom_interfaces/local/lib/python3.10/dist-packages/custom_interfaces/srv/_velocity_registration.py'...
-- Installing: /home/crist/smartwalker_ws/install/custom_interfaces/lib/libcustom_interfaces__rosidl_generator_py.so
-- Set runtime path of "/home/crist/smartwalker_ws/install/custom_interfaces/lib/libcustom_interfaces__rosidl_generator_py.so" to ""
-- Installing: /home/crist/smartwalker_ws/install/custom_interfaces/share/custom_interfaces/cmake/export_custom_interfaces__rosidl_generator_cExport.cmake
-- Installing: /home/crist/smartwalker_ws/install/custom_interfaces/share/custom_interfaces/cmake/export_custom_interfaces__rosidl_generator_cExport-noconfig.cmake
-- Installing: /home/crist/smartwalker_ws/install/custom_interfaces/share/custom_interfaces/cmake/export_custom_interfaces__rosidl_typesupport_fastrtps_cExport.cmake
-- Installing: /home/crist/smartwalker_ws/install/custom_interfaces/share/custom_interfaces/cmake/export_custom_interfaces__rosidl_typesupport_fastrtps_cExport-noconfig.cmake
-- Installing: /home/crist/smartwalker_ws/install/custom_interfaces/share/custom_interfaces/cmake/export_custom_interfaces__rosidl_generator_cppExport.cmake
-- Installing: /home/crist/smartwalker_ws/install/custom_interfaces/share/custom_interfaces/cmake/export_custom_interfaces__rosidl_typesupport_fastrtps_cppExport.cmake
-- Installing: /home/crist/smartwalker_ws/install/custom_interfaces/share/custom_interfaces/cmake/export_custom_interfaces__rosidl_typesupport_fastrtps_cppExport-noconfig.cmake
-- Installing: /home/crist/smartwalker_ws/install/custom_interfaces/share/custom_interfaces/cmake/custom_interfaces__rosidl_typesupport_introspection_cExport.cmake
-- Installing: /home/crist/smartwalker_ws/install/custom_interfaces/share/custom_interfaces/cmake/custom_interfaces__rosidl_typesupport_introspection_cExport-noconfig.cmake
-- Installing: /home/crist/smartwalker_ws/install/custom_interfaces/share/custom_interfaces/cmake/custom_interfaces__rosidl_typesupport_cExport.cmake
-- Installing: /home/crist/smartwalker_ws/install/custom_interfaces/share/custom_interfaces/cmake/custom_interfaces__rosidl_typesupport_cExport-noconfig.cmake
-- Installing: /home/crist/smartwalker_ws/install/custom_interfaces/share/custom_interfaces/cmake/custom_interfaces__rosidl_typesupport_introspection_cppExport.cmake
-- Installing: /home/crist/smartwalker_ws/install/custom_interfaces/share/custom_interfaces/cmake/custom_interfaces__rosidl_typesupport_introspection_cppExport-noconfig.cmake
-- Installing: /home/crist/smartwalker_ws/install/custom_interfaces/share/custom_interfaces/cmake/custom_interfaces__rosidl_typesupport_cppExport.cmake
-- Installing: /home/crist/smartwalker_ws/install/custom_interfaces/share/custom_interfaces/cmake/custom_interfaces__rosidl_typesupport_cppExport-noconfig.cmake
-- Installing: /home/crist/smartwalker_ws/install/custom_interfaces/share/custom_interfaces/cmake/export_custom_interfaces__rosidl_generator_pyExport.cmake
-- Installing: /home/crist/smartwalker_ws/install/custom_interfaces/share/custom_interfaces/cmake/export_custom_interfaces__rosidl_generator_pyExport-noconfig.cmake
