[0.814s] Invoking command in '/home/crist/smartwalker_ws/build/smartwalker_pkg': PYTHONPATH=/home/crist/smartwalker_ws/build/smartwalker_pkg/prefix_override:/usr/lib/python3/dist-packages/colcon_core/task/python/colcon_distutils_commands:/home/crist/smartwalker_ws/install/smartwalker_pkg/lib/python3.10/site-packages:${PYTHONPATH} /usr/bin/python3 -W ignore:setup.py install is deprecated -W ignore:easy_install command is deprecated setup.py develop --editable --build-directory /home/crist/smartwalker_ws/build/smartwalker_pkg/build --no-deps symlink_data
[1.131s] running develop
[1.332s] running egg_info
[1.344s] writing smartwalker_pkg.egg-info/PKG-INFO
[1.344s] writing dependency_links to smartwalker_pkg.egg-info/dependency_links.txt
[1.344s] writing entry points to smartwalker_pkg.egg-info/entry_points.txt
[1.344s] writing requirements to smartwalker_pkg.egg-info/requires.txt
[1.345s] writing top-level names to smartwalker_pkg.egg-info/top_level.txt
[1.370s] reading manifest file 'smartwalker_pkg.egg-info/SOURCES.txt'
[1.371s] writing manifest file 'smartwalker_pkg.egg-info/SOURCES.txt'
[1.385s] running build_ext
[1.385s] Creating /home/crist/smartwalker_ws/install/smartwalker_pkg/lib/python3.10/site-packages/smartwalker-pkg.egg-link (link to .)
[1.385s] Installing elaborate_data script to /home/crist/smartwalker_ws/install/smartwalker_pkg/lib/smartwalker_pkg
[1.385s] Installing initial_pose script to /home/crist/smartwalker_ws/install/smartwalker_pkg/lib/smartwalker_pkg
[1.386s] Installing move_test script to /home/crist/smartwalker_ws/install/smartwalker_pkg/lib/smartwalker_pkg
[1.386s] Installing odom_data_collector script to /home/crist/smartwalker_ws/install/smartwalker_pkg/lib/smartwalker_pkg
[1.386s] Installing parameter_server script to /home/crist/smartwalker_ws/install/smartwalker_pkg/lib/smartwalker_pkg
[1.386s] Installing rehabilitation_guide script to /home/crist/smartwalker_ws/install/smartwalker_pkg/lib/smartwalker_pkg
[1.386s] Installing subscribe_to_data script to /home/crist/smartwalker_ws/install/smartwalker_pkg/lib/smartwalker_pkg
[1.386s] Installing velocity_data script to /home/crist/smartwalker_ws/install/smartwalker_pkg/lib/smartwalker_pkg
[1.386s] 
[1.386s] Installed /home/crist/smartwalker_ws/build/smartwalker_pkg
[1.386s] running symlink_data
[1.387s] error: can't copy '/home/crist/smartwalker_ws/build/smartwalker_pkg/resource/smartwalker_pkg': doesn't exist or not a regular file
[1.421s] Invoked command in '/home/crist/smartwalker_ws/build/smartwalker_pkg' returned '1': PYTHONPATH=/home/crist/smartwalker_ws/build/smartwalker_pkg/prefix_override:/usr/lib/python3/dist-packages/colcon_core/task/python/colcon_distutils_commands:/home/crist/smartwalker_ws/install/smartwalker_pkg/lib/python3.10/site-packages:${PYTHONPATH} /usr/bin/python3 -W ignore:setup.py install is deprecated -W ignore:easy_install command is deprecated setup.py develop --editable --build-directory /home/crist/smartwalker_ws/build/smartwalker_pkg/build --no-deps symlink_data
