[0.014s] Invoking command in '/home/crist/smartwalker_ws/build/custom_interfaces': CMAKE_PREFIX_PATH=${CMAKE_PREFIX_PATH}:/home/crist/tesi/install/tesi_pkg:/home/crist/turtlebot3_ws/install/turtlebot3_teleop:/home/crist/turtlebot3_ws/install/turtlebot3_example:/home/crist/turtlebot_workspace/install/turtlebot_controller:/opt/ros/humble /usr/bin/cmake /home/crist/smartwalker_ws/src/custom_interfaces -DAMENT_CMAKE_SYMLINK_INSTALL=1 -DCMAKE_INSTALL_PREFIX=/home/crist/smartwalker_ws/install/custom_interfaces
[0.061s] -- The C compiler identification is GNU 11.4.0
[0.109s] -- The CXX compiler identification is GNU 11.4.0
[0.115s] -- Detecting C compiler ABI info
[0.178s] -- Detecting C compiler ABI info - done
[0.184s] -- Check for working C compiler: /usr/bin/cc - skipped
[0.184s] -- Detecting C compile features
[0.184s] -- Detecting C compile features - done
[0.187s] -- Detecting CXX compiler ABI info
[0.260s] -- Detecting CXX compiler ABI info - done
[0.265s] -- Check for working CXX compiler: /usr/bin/c++ - skipped
[0.265s] -- Detecting CXX compile features
[0.266s] -- Detecting CXX compile features - done
[0.269s] -- Found ament_cmake: 1.3.13 (/opt/ros/humble/share/ament_cmake/cmake)
[0.829s] -- Found Python3: /usr/bin/python3 (found version "3.10.12") found components: Interpreter 
[0.884s] -- Override CMake install command with custom implementation using symlinks instead of copying resources
[0.926s] -- Found std_msgs: 4.9.1 (/opt/ros/humble/share/std_msgs/cmake)
[0.968s] -- Found rosidl_generator_c: 3.1.8 (/opt/ros/humble/share/rosidl_generator_c/cmake)
[0.975s] -- Found rosidl_adapter: 3.1.8 (/opt/ros/humble/share/rosidl_adapter/cmake)
[0.985s] -- Found rosidl_generator_cpp: 3.1.8 (/opt/ros/humble/share/rosidl_generator_cpp/cmake)
[0.997s] -- Using all available rosidl_typesupport_c: rosidl_typesupport_fastrtps_c;rosidl_typesupport_introspection_c
[1.014s] -- Using all available rosidl_typesupport_cpp: rosidl_typesupport_fastrtps_cpp;rosidl_typesupport_introspection_cpp
[1.038s] -- Found geometry_msgs: 4.9.1 (/opt/ros/humble/share/geometry_msgs/cmake)
[1.049s] -- Found rosidl_default_generators: 1.2.0 (/opt/ros/humble/share/rosidl_default_generators/cmake)
[1.322s] -- Found ament_cmake_ros: 0.10.0 (/opt/ros/humble/share/ament_cmake_ros/cmake)
[1.685s] -- Using all available rosidl_typesupport_c: rosidl_typesupport_fastrtps_c;rosidl_typesupport_introspection_c
[1.822s] -- Using all available rosidl_typesupport_cpp: rosidl_typesupport_fastrtps_cpp;rosidl_typesupport_introspection_cpp
[1.843s] -- Found PythonInterp: /usr/bin/python3 (found suitable version "3.10.12", minimum required is "3.6") 
[1.846s] -- Found python_cmake_module: 0.10.0 (/opt/ros/humble/share/python_cmake_module/cmake)
[1.869s] -- Found PythonLibs: /usr/lib/x86_64-linux-gnu/libpython3.10.so (found suitable version "3.10.12", minimum required is "3.5") 
[1.869s] -- Using PYTHON_EXECUTABLE: /usr/bin/python3
[1.870s] -- Using PYTHON_INCLUDE_DIRS: /usr/include/python3.10
[1.870s] -- Using PYTHON_LIBRARIES: /usr/lib/x86_64-linux-gnu/libpython3.10.so
[1.889s] -- Found PythonExtra: .so  
[1.947s] -- Found ament_lint_auto: 0.12.15 (/opt/ros/humble/share/ament_lint_auto/cmake)
[1.973s] -- Added test 'lint_cmake' to check CMake code style
[1.975s] -- Added test 'xmllint' to check XML markup files
[1.978s] -- Configuring done
[2.011s] -- Generating done
[2.021s] -- Build files have been written to: /home/crist/smartwalker_ws/build/custom_interfaces
[2.029s] Invoked command in '/home/crist/smartwalker_ws/build/custom_interfaces' returned '0': CMAKE_PREFIX_PATH=${CMAKE_PREFIX_PATH}:/home/crist/tesi/install/tesi_pkg:/home/crist/turtlebot3_ws/install/turtlebot3_teleop:/home/crist/turtlebot3_ws/install/turtlebot3_example:/home/crist/turtlebot_workspace/install/turtlebot_controller:/opt/ros/humble /usr/bin/cmake /home/crist/smartwalker_ws/src/custom_interfaces -DAMENT_CMAKE_SYMLINK_INSTALL=1 -DCMAKE_INSTALL_PREFIX=/home/crist/smartwalker_ws/install/custom_interfaces
[2.030s] Invoking command in '/home/crist/smartwalker_ws/build/custom_interfaces': CMAKE_PREFIX_PATH=${CMAKE_PREFIX_PATH}:/home/crist/tesi/install/tesi_pkg:/home/crist/turtlebot3_ws/install/turtlebot3_teleop:/home/crist/turtlebot3_ws/install/turtlebot3_example:/home/crist/turtlebot_workspace/install/turtlebot_controller:/opt/ros/humble /usr/bin/cmake --build /home/crist/smartwalker_ws/build/custom_interfaces -- -j12 -l12
[2.069s] [  1%] [34m[1mGenerating C code for ROS interfaces[0m
[2.078s] [  3%] [34m[1mGenerating C++ code for ROS interfaces[0m
[2.086s] [  3%] Built target ament_cmake_python_symlink_custom_interfaces
[2.371s] running egg_info
[2.372s] creating custom_interfaces.egg-info
[2.384s] writing custom_interfaces.egg-info/PKG-INFO
[2.384s] writing dependency_links to custom_interfaces.egg-info/dependency_links.txt
[2.384s] writing top-level names to custom_interfaces.egg-info/top_level.txt
[2.384s] writing manifest file 'custom_interfaces.egg-info/SOURCES.txt'
[2.437s] reading manifest file 'custom_interfaces.egg-info/SOURCES.txt'
[2.437s] writing manifest file 'custom_interfaces.egg-info/SOURCES.txt'
[2.443s] [  3%] Built target custom_interfaces__cpp
[2.454s] [  5%] [34m[1mGenerating C++ introspection for ROS interfaces[0m
[2.455s] [  7%] [34m[1mGenerating C++ type support for eProsima Fast-RTPS[0m
[2.455s] [  9%] [34m[1mGenerating C++ type support dispatch for ROS interfaces[0m
[2.456s] [ 10%] [32mBuilding C object CMakeFiles/custom_interfaces__rosidl_generator_c.dir/rosidl_generator_c/custom_interfaces/srv/detail/guide_selected__functions.c.o[0m
[2.456s] [ 12%] [32mBuilding C object CMakeFiles/custom_interfaces__rosidl_generator_c.dir/rosidl_generator_c/custom_interfaces/srv/detail/velocity_registration__functions.c.o[0m
[2.457s] [ 14%] [32mBuilding C object CMakeFiles/custom_interfaces__rosidl_generator_c.dir/rosidl_generator_c/custom_interfaces/srv/detail/csv_file_name__functions.c.o[0m
[2.458s] [ 16%] [32mBuilding C object CMakeFiles/custom_interfaces__rosidl_generator_c.dir/rosidl_generator_c/custom_interfaces/msg/detail/parameter__functions.c.o[0m
[2.489s] [ 16%] Built target ament_cmake_python_build_custom_interfaces_egg
[2.519s] [ 18%] [32m[1mLinking C shared library libcustom_interfaces__rosidl_generator_c.so[0m
[2.557s] [ 18%] Built target custom_interfaces__rosidl_generator_c
[2.568s] [ 23%] [34m[1mGenerating C type support dispatch for ROS interfaces[0m
[2.568s] [ 23%] [34m[1mGenerating C type support for eProsima Fast-RTPS[0m
[2.568s] [ 23%] [34m[1mGenerating C introspection for ROS interfaces[0m
[2.730s] [ 25%] [32mBuilding CXX object CMakeFiles/custom_interfaces__rosidl_typesupport_cpp.dir/rosidl_typesupport_cpp/custom_interfaces/srv/guide_selected__type_support.cpp.o[0m
[2.731s] [ 29%] [32mBuilding CXX object CMakeFiles/custom_interfaces__rosidl_typesupport_cpp.dir/rosidl_typesupport_cpp/custom_interfaces/srv/velocity_registration__type_support.cpp.o[0m
[2.731s] [ 29%] [32mBuilding CXX object CMakeFiles/custom_interfaces__rosidl_typesupport_cpp.dir/rosidl_typesupport_cpp/custom_interfaces/srv/csv_file_name__type_support.cpp.o[0m
[2.732s] [ 30%] [32mBuilding CXX object CMakeFiles/custom_interfaces__rosidl_typesupport_cpp.dir/rosidl_typesupport_cpp/custom_interfaces/msg/parameter__type_support.cpp.o[0m
[2.797s] [ 32%] [32mBuilding CXX object CMakeFiles/custom_interfaces__rosidl_typesupport_introspection_cpp.dir/rosidl_typesupport_introspection_cpp/custom_interfaces/msg/detail/parameter__type_support.cpp.o[0m
[2.798s] [ 34%] [32mBuilding CXX object CMakeFiles/custom_interfaces__rosidl_typesupport_introspection_cpp.dir/rosidl_typesupport_introspection_cpp/custom_interfaces/srv/detail/velocity_registration__type_support.cpp.o[0m
[2.798s] [ 36%] [32mBuilding CXX object CMakeFiles/custom_interfaces__rosidl_typesupport_introspection_cpp.dir/rosidl_typesupport_introspection_cpp/custom_interfaces/srv/detail/guide_selected__type_support.cpp.o[0m
[2.798s] [ 38%] [32mBuilding CXX object CMakeFiles/custom_interfaces__rosidl_typesupport_introspection_cpp.dir/rosidl_typesupport_introspection_cpp/custom_interfaces/srv/detail/csv_file_name__type_support.cpp.o[0m
[2.916s] [ 41%] [32mBuilding CXX object CMakeFiles/custom_interfaces__rosidl_typesupport_c.dir/rosidl_typesupport_c/custom_interfaces/srv/csv_file_name__type_support.cpp.o[0m
[2.916s] [ 41%] [32mBuilding CXX object CMakeFiles/custom_interfaces__rosidl_typesupport_fastrtps_cpp.dir/rosidl_typesupport_fastrtps_cpp/custom_interfaces/srv/detail/dds_fastrtps/csv_file_name__type_support.cpp.o[0m
[2.964s] [ 43%] [32mBuilding CXX object CMakeFiles/custom_interfaces__rosidl_typesupport_c.dir/rosidl_typesupport_c/custom_interfaces/srv/guide_selected__type_support.cpp.o[0m
[3.010s] [ 45%] [32mBuilding CXX object CMakeFiles/custom_interfaces__rosidl_typesupport_c.dir/rosidl_typesupport_c/custom_interfaces/srv/velocity_registration__type_support.cpp.o[0m
[3.042s] [ 47%] [32mBuilding C object CMakeFiles/custom_interfaces__rosidl_typesupport_introspection_c.dir/rosidl_typesupport_introspection_c/custom_interfaces/srv/detail/csv_file_name__type_support.c.o[0m
[3.044s] [ 49%] [32mBuilding C object CMakeFiles/custom_interfaces__rosidl_typesupport_introspection_c.dir/rosidl_typesupport_introspection_c/custom_interfaces/srv/detail/guide_selected__type_support.c.o[0m
[3.049s] [ 54%] [32mBuilding CXX object CMakeFiles/custom_interfaces__rosidl_typesupport_fastrtps_cpp.dir/rosidl_typesupport_fastrtps_cpp/custom_interfaces/srv/detail/dds_fastrtps/guide_selected__type_support.cpp.o[0m
[3.050s] [ 54%] [32mBuilding CXX object CMakeFiles/custom_interfaces__rosidl_typesupport_c.dir/rosidl_typesupport_c/custom_interfaces/msg/parameter__type_support.cpp.o[0m
[3.050s] [ 54%] [32mBuilding C object CMakeFiles/custom_interfaces__rosidl_typesupport_introspection_c.dir/rosidl_typesupport_introspection_c/custom_interfaces/srv/detail/velocity_registration__type_support.c.o[0m
[3.072s] [ 56%] [32mBuilding CXX object CMakeFiles/custom_interfaces__rosidl_typesupport_fastrtps_c.dir/rosidl_typesupport_fastrtps_c/custom_interfaces/srv/detail/csv_file_name__type_support_c.cpp.o[0m
[3.080s] [ 58%] [32m[1mLinking CXX shared library libcustom_interfaces__rosidl_typesupport_cpp.so[0m
[3.092s] [ 60%] [32m[1mLinking CXX shared library libcustom_interfaces__rosidl_typesupport_c.so[0m
[3.096s] [ 61%] [32mBuilding C object CMakeFiles/custom_interfaces__rosidl_typesupport_introspection_c.dir/rosidl_typesupport_introspection_c/custom_interfaces/msg/detail/parameter__type_support.c.o[0m
[3.100s] [ 63%] [32mBuilding CXX object CMakeFiles/custom_interfaces__rosidl_typesupport_fastrtps_c.dir/rosidl_typesupport_fastrtps_c/custom_interfaces/srv/detail/guide_selected__type_support_c.cpp.o[0m
[3.101s] [ 65%] [32mBuilding CXX object CMakeFiles/custom_interfaces__rosidl_typesupport_fastrtps_cpp.dir/rosidl_typesupport_fastrtps_cpp/custom_interfaces/srv/detail/dds_fastrtps/velocity_registration__type_support.cpp.o[0m
[3.138s] [ 65%] Built target custom_interfaces__rosidl_typesupport_cpp
[3.148s] [ 67%] [32m[1mLinking C shared library libcustom_interfaces__rosidl_typesupport_introspection_c.so[0m
[3.151s] [ 69%] [32mBuilding CXX object CMakeFiles/custom_interfaces__rosidl_typesupport_fastrtps_c.dir/rosidl_typesupport_fastrtps_c/custom_interfaces/srv/detail/velocity_registration__type_support_c.cpp.o[0m
[3.158s] [ 69%] Built target custom_interfaces__rosidl_typesupport_c
[3.176s] [ 70%] [32mBuilding CXX object CMakeFiles/custom_interfaces__rosidl_typesupport_fastrtps_c.dir/rosidl_typesupport_fastrtps_c/custom_interfaces/msg/detail/parameter__type_support_c.cpp.o[0m
[3.195s] [ 70%] Built target custom_interfaces__rosidl_typesupport_introspection_c
[3.210s] [ 72%] [32mBuilding CXX object CMakeFiles/custom_interfaces__rosidl_typesupport_fastrtps_cpp.dir/rosidl_typesupport_fastrtps_cpp/custom_interfaces/msg/detail/dds_fastrtps/parameter__type_support.cpp.o[0m
[3.307s] [ 74%] [32m[1mLinking CXX shared library libcustom_interfaces__rosidl_typesupport_introspection_cpp.so[0m
[3.413s] [ 74%] Built target custom_interfaces__rosidl_typesupport_introspection_cpp
[3.533s] [ 76%] [32m[1mLinking CXX shared library libcustom_interfaces__rosidl_typesupport_fastrtps_c.so[0m
[3.600s] [ 76%] Built target custom_interfaces__rosidl_typesupport_fastrtps_c
[3.620s] [ 78%] [32m[1mLinking CXX shared library libcustom_interfaces__rosidl_typesupport_fastrtps_cpp.so[0m
[3.683s] [ 78%] Built target custom_interfaces__rosidl_typesupport_fastrtps_cpp
[3.702s] [ 78%] Built target custom_interfaces
[3.722s] [ 80%] [34m[1mGenerating Python code for ROS interfaces[0m
[4.254s] [ 80%] Built target custom_interfaces__py
[4.274s] [ 87%] [32mBuilding C object CMakeFiles/custom_interfaces__rosidl_generator_py.dir/rosidl_generator_py/custom_interfaces/srv/_velocity_registration_s.c.o[0m
[4.274s] [ 87%] [32mBuilding C object CMakeFiles/custom_interfaces__rosidl_generator_py.dir/rosidl_generator_py/custom_interfaces/srv/_guide_selected_s.c.o[0m
[4.274s] [ 87%] [32mBuilding C object CMakeFiles/custom_interfaces__rosidl_generator_py.dir/rosidl_generator_py/custom_interfaces/msg/_parameter_s.c.o[0m
[4.274s] [ 87%] [32mBuilding C object CMakeFiles/custom_interfaces__rosidl_generator_py.dir/rosidl_generator_py/custom_interfaces/srv/_csv_file_name_s.c.o[0m
[4.359s] [ 89%] [32m[1mLinking C shared library rosidl_generator_py/custom_interfaces/libcustom_interfaces__rosidl_generator_py.so[0m
[4.398s] [ 89%] Built target custom_interfaces__rosidl_generator_py
[4.417s] [ 94%] [32mBuilding C object CMakeFiles/custom_interfaces__rosidl_typesupport_c__pyext.dir/rosidl_generator_py/custom_interfaces/_custom_interfaces_s.ep.rosidl_typesupport_c.c.o[0m
[4.417s] [ 94%] [32mBuilding C object CMakeFiles/custom_interfaces__rosidl_typesupport_fastrtps_c__pyext.dir/rosidl_generator_py/custom_interfaces/_custom_interfaces_s.ep.rosidl_typesupport_fastrtps_c.c.o[0m
[4.417s] [ 94%] [32mBuilding C object CMakeFiles/custom_interfaces__rosidl_typesupport_introspection_c__pyext.dir/rosidl_generator_py/custom_interfaces/_custom_interfaces_s.ep.rosidl_typesupport_introspection_c.c.o[0m
[4.511s] [ 96%] [32m[1mLinking C shared library rosidl_generator_py/custom_interfaces/custom_interfaces_s__rosidl_typesupport_c.cpython-310-x86_64-linux-gnu.so[0m
[4.512s] [100%] [32m[1mLinking C shared library rosidl_generator_py/custom_interfaces/custom_interfaces_s__rosidl_typesupport_introspection_c.cpython-310-x86_64-linux-gnu.so[0m
[4.512s] [100%] [32m[1mLinking C shared library rosidl_generator_py/custom_interfaces/custom_interfaces_s__rosidl_typesupport_fastrtps_c.cpython-310-x86_64-linux-gnu.so[0m
[4.549s] [100%] Built target custom_interfaces__rosidl_typesupport_introspection_c__pyext
[4.549s] [100%] Built target custom_interfaces__rosidl_typesupport_c__pyext
[4.549s] [100%] Built target custom_interfaces__rosidl_typesupport_fastrtps_c__pyext
[4.560s] Invoked command in '/home/crist/smartwalker_ws/build/custom_interfaces' returned '0': CMAKE_PREFIX_PATH=${CMAKE_PREFIX_PATH}:/home/crist/tesi/install/tesi_pkg:/home/crist/turtlebot3_ws/install/turtlebot3_teleop:/home/crist/turtlebot3_ws/install/turtlebot3_example:/home/crist/turtlebot_workspace/install/turtlebot_controller:/opt/ros/humble /usr/bin/cmake --build /home/crist/smartwalker_ws/build/custom_interfaces -- -j12 -l12
[4.569s] Invoking command in '/home/crist/smartwalker_ws/build/custom_interfaces': CMAKE_PREFIX_PATH=${CMAKE_PREFIX_PATH}:/home/crist/tesi/install/tesi_pkg:/home/crist/turtlebot3_ws/install/turtlebot3_teleop:/home/crist/turtlebot3_ws/install/turtlebot3_example:/home/crist/turtlebot_workspace/install/turtlebot_controller:/opt/ros/humble /usr/bin/cmake --install /home/crist/smartwalker_ws/build/custom_interfaces
[4.576s] -- Install configuration: ""
[4.577s] -- Execute custom install script
[4.577s] -- Symlinking: /home/crist/smartwalker_ws/install/custom_interfaces/share/ament_index/resource_index/rosidl_interfaces/custom_interfaces
[4.586s] -- Symlinking: /home/crist/smartwalker_ws/install/custom_interfaces/include/custom_interfaces/custom_interfaces/msg/detail/parameter__functions.h
[4.594s] -- Symlinking: /home/crist/smartwalker_ws/install/custom_interfaces/include/custom_interfaces/custom_interfaces/msg/detail/parameter__struct.h
[4.602s] -- Symlinking: /home/crist/smartwalker_ws/install/custom_interfaces/include/custom_interfaces/custom_interfaces/msg/detail/parameter__type_support.h
[4.610s] -- Symlinking: /home/crist/smartwalker_ws/install/custom_interfaces/include/custom_interfaces/custom_interfaces/msg/parameter.h
[4.618s] -- Symlinking: /home/crist/smartwalker_ws/install/custom_interfaces/include/custom_interfaces/custom_interfaces/msg/rosidl_generator_c__visibility_control.h
[4.626s] -- Symlinking: /home/crist/smartwalker_ws/install/custom_interfaces/include/custom_interfaces/custom_interfaces/srv/csv_file_name.h
[4.635s] -- Symlinking: /home/crist/smartwalker_ws/install/custom_interfaces/include/custom_interfaces/custom_interfaces/srv/detail/csv_file_name__functions.h
[4.644s] -- Symlinking: /home/crist/smartwalker_ws/install/custom_interfaces/include/custom_interfaces/custom_interfaces/srv/detail/csv_file_name__struct.h
[4.652s] -- Symlinking: /home/crist/smartwalker_ws/install/custom_interfaces/include/custom_interfaces/custom_interfaces/srv/detail/csv_file_name__type_support.h
[4.660s] -- Symlinking: /home/crist/smartwalker_ws/install/custom_interfaces/include/custom_interfaces/custom_interfaces/srv/detail/guide_selected__functions.h
[4.668s] -- Symlinking: /home/crist/smartwalker_ws/install/custom_interfaces/include/custom_interfaces/custom_interfaces/srv/detail/guide_selected__struct.h
[4.676s] -- Symlinking: /home/crist/smartwalker_ws/install/custom_interfaces/include/custom_interfaces/custom_interfaces/srv/detail/guide_selected__type_support.h
[4.684s] -- Symlinking: /home/crist/smartwalker_ws/install/custom_interfaces/include/custom_interfaces/custom_interfaces/srv/detail/velocity_registration__functions.h
[4.693s] -- Symlinking: /home/crist/smartwalker_ws/install/custom_interfaces/include/custom_interfaces/custom_interfaces/srv/detail/velocity_registration__struct.h
[4.701s] -- Symlinking: /home/crist/smartwalker_ws/install/custom_interfaces/include/custom_interfaces/custom_interfaces/srv/detail/velocity_registration__type_support.h
[4.709s] -- Symlinking: /home/crist/smartwalker_ws/install/custom_interfaces/include/custom_interfaces/custom_interfaces/srv/guide_selected.h
[4.717s] -- Symlinking: /home/crist/smartwalker_ws/install/custom_interfaces/include/custom_interfaces/custom_interfaces/srv/velocity_registration.h
[4.726s] -- Symlinking: /home/crist/smartwalker_ws/install/custom_interfaces/share/custom_interfaces/environment/library_path.sh
[4.734s] -- Symlinking: /home/crist/smartwalker_ws/install/custom_interfaces/share/custom_interfaces/environment/library_path.dsv
[4.743s] -- Symlinking: /home/crist/smartwalker_ws/install/custom_interfaces/include/custom_interfaces/custom_interfaces/msg/detail/parameter__rosidl_typesupport_fastrtps_c.h
[4.751s] -- Symlinking: /home/crist/smartwalker_ws/install/custom_interfaces/include/custom_interfaces/custom_interfaces/msg/rosidl_typesupport_fastrtps_c__visibility_control.h
[4.759s] -- Symlinking: /home/crist/smartwalker_ws/install/custom_interfaces/include/custom_interfaces/custom_interfaces/srv/detail/csv_file_name__rosidl_typesupport_fastrtps_c.h
[4.767s] -- Symlinking: /home/crist/smartwalker_ws/install/custom_interfaces/include/custom_interfaces/custom_interfaces/srv/detail/guide_selected__rosidl_typesupport_fastrtps_c.h
[4.775s] -- Symlinking: /home/crist/smartwalker_ws/install/custom_interfaces/include/custom_interfaces/custom_interfaces/srv/detail/velocity_registration__rosidl_typesupport_fastrtps_c.h
[4.783s] -- Symlinking: /home/crist/smartwalker_ws/install/custom_interfaces/include/custom_interfaces/custom_interfaces/msg/detail/parameter__builder.hpp
[4.792s] -- Symlinking: /home/crist/smartwalker_ws/install/custom_interfaces/include/custom_interfaces/custom_interfaces/msg/detail/parameter__struct.hpp
[4.800s] -- Symlinking: /home/crist/smartwalker_ws/install/custom_interfaces/include/custom_interfaces/custom_interfaces/msg/detail/parameter__traits.hpp
[4.808s] -- Symlinking: /home/crist/smartwalker_ws/install/custom_interfaces/include/custom_interfaces/custom_interfaces/msg/detail/parameter__type_support.hpp
[4.816s] -- Symlinking: /home/crist/smartwalker_ws/install/custom_interfaces/include/custom_interfaces/custom_interfaces/msg/parameter.hpp
[4.824s] -- Symlinking: /home/crist/smartwalker_ws/install/custom_interfaces/include/custom_interfaces/custom_interfaces/msg/rosidl_generator_cpp__visibility_control.hpp
[4.831s] -- Symlinking: /home/crist/smartwalker_ws/install/custom_interfaces/include/custom_interfaces/custom_interfaces/srv/csv_file_name.hpp
[4.840s] -- Symlinking: /home/crist/smartwalker_ws/install/custom_interfaces/include/custom_interfaces/custom_interfaces/srv/detail/csv_file_name__builder.hpp
[4.848s] -- Symlinking: /home/crist/smartwalker_ws/install/custom_interfaces/include/custom_interfaces/custom_interfaces/srv/detail/csv_file_name__struct.hpp
[4.856s] -- Symlinking: /home/crist/smartwalker_ws/install/custom_interfaces/include/custom_interfaces/custom_interfaces/srv/detail/csv_file_name__traits.hpp
[4.864s] -- Symlinking: /home/crist/smartwalker_ws/install/custom_interfaces/include/custom_interfaces/custom_interfaces/srv/detail/csv_file_name__type_support.hpp
[4.872s] -- Symlinking: /home/crist/smartwalker_ws/install/custom_interfaces/include/custom_interfaces/custom_interfaces/srv/detail/guide_selected__builder.hpp
[4.880s] -- Symlinking: /home/crist/smartwalker_ws/install/custom_interfaces/include/custom_interfaces/custom_interfaces/srv/detail/guide_selected__struct.hpp
[4.888s] -- Symlinking: /home/crist/smartwalker_ws/install/custom_interfaces/include/custom_interfaces/custom_interfaces/srv/detail/guide_selected__traits.hpp
[4.897s] -- Symlinking: /home/crist/smartwalker_ws/install/custom_interfaces/include/custom_interfaces/custom_interfaces/srv/detail/guide_selected__type_support.hpp
[4.905s] -- Symlinking: /home/crist/smartwalker_ws/install/custom_interfaces/include/custom_interfaces/custom_interfaces/srv/detail/velocity_registration__builder.hpp
[4.913s] -- Symlinking: /home/crist/smartwalker_ws/install/custom_interfaces/include/custom_interfaces/custom_interfaces/srv/detail/velocity_registration__struct.hpp
[4.921s] -- Symlinking: /home/crist/smartwalker_ws/install/custom_interfaces/include/custom_interfaces/custom_interfaces/srv/detail/velocity_registration__traits.hpp
[4.929s] -- Symlinking: /home/crist/smartwalker_ws/install/custom_interfaces/include/custom_interfaces/custom_interfaces/srv/detail/velocity_registration__type_support.hpp
[4.937s] -- Symlinking: /home/crist/smartwalker_ws/install/custom_interfaces/include/custom_interfaces/custom_interfaces/srv/guide_selected.hpp
[4.945s] -- Symlinking: /home/crist/smartwalker_ws/install/custom_interfaces/include/custom_interfaces/custom_interfaces/srv/velocity_registration.hpp
[4.954s] -- Symlinking: /home/crist/smartwalker_ws/install/custom_interfaces/include/custom_interfaces/custom_interfaces/msg/detail/parameter__rosidl_typesupport_fastrtps_cpp.hpp
[4.962s] -- Symlinking: /home/crist/smartwalker_ws/install/custom_interfaces/include/custom_interfaces/custom_interfaces/msg/rosidl_typesupport_fastrtps_cpp__visibility_control.h
[4.969s] -- Symlinking: /home/crist/smartwalker_ws/install/custom_interfaces/include/custom_interfaces/custom_interfaces/srv/detail/csv_file_name__rosidl_typesupport_fastrtps_cpp.hpp
[4.978s] -- Symlinking: /home/crist/smartwalker_ws/install/custom_interfaces/include/custom_interfaces/custom_interfaces/srv/detail/guide_selected__rosidl_typesupport_fastrtps_cpp.hpp
[4.986s] -- Symlinking: /home/crist/smartwalker_ws/install/custom_interfaces/include/custom_interfaces/custom_interfaces/srv/detail/velocity_registration__rosidl_typesupport_fastrtps_cpp.hpp
[4.994s] -- Symlinking: /home/crist/smartwalker_ws/install/custom_interfaces/include/custom_interfaces/custom_interfaces/msg/detail/parameter__rosidl_typesupport_introspection_c.h
[5.002s] -- Symlinking: /home/crist/smartwalker_ws/install/custom_interfaces/include/custom_interfaces/custom_interfaces/msg/rosidl_typesupport_introspection_c__visibility_control.h
[5.010s] -- Symlinking: /home/crist/smartwalker_ws/install/custom_interfaces/include/custom_interfaces/custom_interfaces/srv/detail/csv_file_name__rosidl_typesupport_introspection_c.h
[5.018s] -- Symlinking: /home/crist/smartwalker_ws/install/custom_interfaces/include/custom_interfaces/custom_interfaces/srv/detail/guide_selected__rosidl_typesupport_introspection_c.h
[5.026s] -- Symlinking: /home/crist/smartwalker_ws/install/custom_interfaces/include/custom_interfaces/custom_interfaces/srv/detail/velocity_registration__rosidl_typesupport_introspection_c.h
[5.035s] -- Symlinking: /home/crist/smartwalker_ws/install/custom_interfaces/include/custom_interfaces/custom_interfaces/msg/detail/parameter__rosidl_typesupport_introspection_cpp.hpp
[5.043s] -- Symlinking: /home/crist/smartwalker_ws/install/custom_interfaces/include/custom_interfaces/custom_interfaces/srv/detail/csv_file_name__rosidl_typesupport_introspection_cpp.hpp
[5.052s] -- Symlinking: /home/crist/smartwalker_ws/install/custom_interfaces/include/custom_interfaces/custom_interfaces/srv/detail/guide_selected__rosidl_typesupport_introspection_cpp.hpp
[5.060s] -- Symlinking: /home/crist/smartwalker_ws/install/custom_interfaces/include/custom_interfaces/custom_interfaces/srv/detail/velocity_registration__rosidl_typesupport_introspection_cpp.hpp
[5.068s] -- Symlinking: /home/crist/smartwalker_ws/install/custom_interfaces/share/custom_interfaces/environment/pythonpath.sh
[5.076s] -- Symlinking: /home/crist/smartwalker_ws/install/custom_interfaces/share/custom_interfaces/environment/pythonpath.dsv
[5.085s] -- Symlinking: /home/crist/smartwalker_ws/install/custom_interfaces/local/lib/python3.10/dist-packages/custom_interfaces-0.0.0-py3.10.egg-info/PKG-INFO
[5.093s] -- Symlinking: /home/crist/smartwalker_ws/install/custom_interfaces/local/lib/python3.10/dist-packages/custom_interfaces-0.0.0-py3.10.egg-info/SOURCES.txt
[5.101s] -- Symlinking: /home/crist/smartwalker_ws/install/custom_interfaces/local/lib/python3.10/dist-packages/custom_interfaces-0.0.0-py3.10.egg-info/dependency_links.txt
[5.109s] -- Symlinking: /home/crist/smartwalker_ws/install/custom_interfaces/local/lib/python3.10/dist-packages/custom_interfaces-0.0.0-py3.10.egg-info/top_level.txt
[5.117s] -- Symlinking: /home/crist/smartwalker_ws/install/custom_interfaces/local/lib/python3.10/dist-packages/custom_interfaces/__init__.py
[5.125s] -- Symlinking: /home/crist/smartwalker_ws/install/custom_interfaces/local/lib/python3.10/dist-packages/custom_interfaces/_custom_interfaces_s.ep.rosidl_typesupport_c.c
[5.133s] -- Symlinking: /home/crist/smartwalker_ws/install/custom_interfaces/local/lib/python3.10/dist-packages/custom_interfaces/_custom_interfaces_s.ep.rosidl_typesupport_fastrtps_c.c
[5.141s] -- Symlinking: /home/crist/smartwalker_ws/install/custom_interfaces/local/lib/python3.10/dist-packages/custom_interfaces/_custom_interfaces_s.ep.rosidl_typesupport_introspection_c.c
[5.149s] -- Symlinking: /home/crist/smartwalker_ws/install/custom_interfaces/local/lib/python3.10/dist-packages/custom_interfaces/custom_interfaces_s__rosidl_typesupport_c.cpython-310-x86_64-linux-gnu.so
[5.157s] -- Symlinking: /home/crist/smartwalker_ws/install/custom_interfaces/local/lib/python3.10/dist-packages/custom_interfaces/custom_interfaces_s__rosidl_typesupport_fastrtps_c.cpython-310-x86_64-linux-gnu.so
[5.165s] -- Symlinking: /home/crist/smartwalker_ws/install/custom_interfaces/local/lib/python3.10/dist-packages/custom_interfaces/custom_interfaces_s__rosidl_typesupport_introspection_c.cpython-310-x86_64-linux-gnu.so
[5.173s] -- Symlinking: /home/crist/smartwalker_ws/install/custom_interfaces/local/lib/python3.10/dist-packages/custom_interfaces/libcustom_interfaces__rosidl_generator_py.so
[5.181s] -- Symlinking: /home/crist/smartwalker_ws/install/custom_interfaces/local/lib/python3.10/dist-packages/custom_interfaces/msg/__init__.py
[5.189s] -- Symlinking: /home/crist/smartwalker_ws/install/custom_interfaces/local/lib/python3.10/dist-packages/custom_interfaces/msg/_parameter.py
[5.197s] -- Symlinking: /home/crist/smartwalker_ws/install/custom_interfaces/local/lib/python3.10/dist-packages/custom_interfaces/msg/_parameter_s.c
[5.205s] -- Symlinking: /home/crist/smartwalker_ws/install/custom_interfaces/local/lib/python3.10/dist-packages/custom_interfaces/srv/__init__.py
[5.213s] -- Symlinking: /home/crist/smartwalker_ws/install/custom_interfaces/local/lib/python3.10/dist-packages/custom_interfaces/srv/_csv_file_name.py
[5.221s] -- Symlinking: /home/crist/smartwalker_ws/install/custom_interfaces/local/lib/python3.10/dist-packages/custom_interfaces/srv/_csv_file_name_s.c
[5.229s] -- Symlinking: /home/crist/smartwalker_ws/install/custom_interfaces/local/lib/python3.10/dist-packages/custom_interfaces/srv/_guide_selected.py
[5.238s] -- Symlinking: /home/crist/smartwalker_ws/install/custom_interfaces/local/lib/python3.10/dist-packages/custom_interfaces/srv/_guide_selected_s.c
[5.246s] -- Symlinking: /home/crist/smartwalker_ws/install/custom_interfaces/local/lib/python3.10/dist-packages/custom_interfaces/srv/_velocity_registration.py
[5.255s] -- Symlinking: /home/crist/smartwalker_ws/install/custom_interfaces/local/lib/python3.10/dist-packages/custom_interfaces/srv/_velocity_registration_s.c
[5.263s] -- Up-to-date symlink: /home/crist/smartwalker_ws/install/custom_interfaces/local/lib/python3.10/dist-packages/custom_interfaces/custom_interfaces_s__rosidl_typesupport_fastrtps_c.cpython-310-x86_64-linux-gnu.so
[5.263s] -- Up-to-date symlink: /home/crist/smartwalker_ws/install/custom_interfaces/local/lib/python3.10/dist-packages/custom_interfaces/custom_interfaces_s__rosidl_typesupport_introspection_c.cpython-310-x86_64-linux-gnu.so
[5.264s] -- Up-to-date symlink: /home/crist/smartwalker_ws/install/custom_interfaces/local/lib/python3.10/dist-packages/custom_interfaces/custom_interfaces_s__rosidl_typesupport_c.cpython-310-x86_64-linux-gnu.so
[5.264s] -- Symlinking: /home/crist/smartwalker_ws/install/custom_interfaces/share/custom_interfaces/srv/CSVFileName.idl
[5.272s] -- Symlinking: /home/crist/smartwalker_ws/install/custom_interfaces/share/custom_interfaces/srv/GuideSelected.idl
[5.281s] -- Symlinking: /home/crist/smartwalker_ws/install/custom_interfaces/share/custom_interfaces/srv/VelocityRegistration.idl
[5.289s] -- Symlinking: /home/crist/smartwalker_ws/install/custom_interfaces/share/custom_interfaces/msg/Parameter.idl
[5.297s] -- Symlinking: /home/crist/smartwalker_ws/install/custom_interfaces/share/custom_interfaces/srv/CSVFileName.srv
[5.305s] -- Symlinking: /home/crist/smartwalker_ws/install/custom_interfaces/share/custom_interfaces/srv/CSVFileName_Request.msg
[5.313s] -- Symlinking: /home/crist/smartwalker_ws/install/custom_interfaces/share/custom_interfaces/srv/CSVFileName_Response.msg
[5.321s] -- Symlinking: /home/crist/smartwalker_ws/install/custom_interfaces/share/custom_interfaces/srv/GuideSelected.srv
[5.329s] -- Symlinking: /home/crist/smartwalker_ws/install/custom_interfaces/share/custom_interfaces/srv/GuideSelected_Request.msg
[5.337s] -- Symlinking: /home/crist/smartwalker_ws/install/custom_interfaces/share/custom_interfaces/srv/GuideSelected_Response.msg
[5.346s] -- Symlinking: /home/crist/smartwalker_ws/install/custom_interfaces/share/custom_interfaces/srv/VelocityRegistration.srv
[5.354s] -- Symlinking: /home/crist/smartwalker_ws/install/custom_interfaces/share/custom_interfaces/srv/VelocityRegistration_Request.msg
[5.361s] -- Symlinking: /home/crist/smartwalker_ws/install/custom_interfaces/share/custom_interfaces/srv/VelocityRegistration_Response.msg
[5.370s] -- Symlinking: /home/crist/smartwalker_ws/install/custom_interfaces/share/custom_interfaces/msg/Parameter.msg
[5.377s] -- Symlinking: /home/crist/smartwalker_ws/install/custom_interfaces/share/ament_index/resource_index/package_run_dependencies/custom_interfaces
[5.386s] -- Symlinking: /home/crist/smartwalker_ws/install/custom_interfaces/share/ament_index/resource_index/parent_prefix_path/custom_interfaces
[5.394s] -- Symlinking: /home/crist/smartwalker_ws/install/custom_interfaces/share/custom_interfaces/environment/ament_prefix_path.sh
[5.402s] -- Symlinking: /home/crist/smartwalker_ws/install/custom_interfaces/share/custom_interfaces/environment/ament_prefix_path.dsv
[5.409s] -- Symlinking: /home/crist/smartwalker_ws/install/custom_interfaces/share/custom_interfaces/environment/path.sh
[5.418s] -- Symlinking: /home/crist/smartwalker_ws/install/custom_interfaces/share/custom_interfaces/environment/path.dsv
[5.426s] -- Symlinking: /home/crist/smartwalker_ws/install/custom_interfaces/share/custom_interfaces/local_setup.bash
[5.434s] -- Symlinking: /home/crist/smartwalker_ws/install/custom_interfaces/share/custom_interfaces/local_setup.sh
[5.442s] -- Symlinking: /home/crist/smartwalker_ws/install/custom_interfaces/share/custom_interfaces/local_setup.zsh
[5.451s] -- Symlinking: /home/crist/smartwalker_ws/install/custom_interfaces/share/custom_interfaces/local_setup.dsv
[5.459s] -- Symlinking: /home/crist/smartwalker_ws/install/custom_interfaces/share/custom_interfaces/package.dsv
[5.467s] -- Symlinking: /home/crist/smartwalker_ws/install/custom_interfaces/share/ament_index/resource_index/packages/custom_interfaces
[5.475s] -- Symlinking: /home/crist/smartwalker_ws/install/custom_interfaces/share/custom_interfaces/cmake/rosidl_cmake-extras.cmake
[5.484s] -- Symlinking: /home/crist/smartwalker_ws/install/custom_interfaces/share/custom_interfaces/cmake/ament_cmake_export_dependencies-extras.cmake
[5.492s] -- Symlinking: /home/crist/smartwalker_ws/install/custom_interfaces/share/custom_interfaces/cmake/ament_cmake_export_include_directories-extras.cmake
[5.500s] -- Symlinking: /home/crist/smartwalker_ws/install/custom_interfaces/share/custom_interfaces/cmake/ament_cmake_export_libraries-extras.cmake
[5.508s] -- Symlinking: /home/crist/smartwalker_ws/install/custom_interfaces/share/custom_interfaces/cmake/ament_cmake_export_targets-extras.cmake
[5.516s] -- Symlinking: /home/crist/smartwalker_ws/install/custom_interfaces/share/custom_interfaces/cmake/rosidl_cmake_export_typesupport_targets-extras.cmake
[5.524s] -- Symlinking: /home/crist/smartwalker_ws/install/custom_interfaces/share/custom_interfaces/cmake/rosidl_cmake_export_typesupport_libraries-extras.cmake
[5.532s] -- Symlinking: /home/crist/smartwalker_ws/install/custom_interfaces/share/custom_interfaces/cmake/custom_interfacesConfig.cmake
[5.540s] -- Symlinking: /home/crist/smartwalker_ws/install/custom_interfaces/share/custom_interfaces/cmake/custom_interfacesConfig-version.cmake
[5.548s] -- Symlinking: /home/crist/smartwalker_ws/install/custom_interfaces/share/custom_interfaces/package.xml
[5.556s] -- Installing: /home/crist/smartwalker_ws/install/custom_interfaces/lib/libcustom_interfaces__rosidl_generator_c.so
[5.557s] -- Set runtime path of "/home/crist/smartwalker_ws/install/custom_interfaces/lib/libcustom_interfaces__rosidl_generator_c.so" to ""
[5.557s] -- Installing: /home/crist/smartwalker_ws/install/custom_interfaces/lib/libcustom_interfaces__rosidl_typesupport_fastrtps_c.so
[5.557s] -- Set runtime path of "/home/crist/smartwalker_ws/install/custom_interfaces/lib/libcustom_interfaces__rosidl_typesupport_fastrtps_c.so" to ""
[5.557s] -- Installing: /home/crist/smartwalker_ws/install/custom_interfaces/lib/libcustom_interfaces__rosidl_typesupport_fastrtps_cpp.so
[5.557s] -- Set runtime path of "/home/crist/smartwalker_ws/install/custom_interfaces/lib/libcustom_interfaces__rosidl_typesupport_fastrtps_cpp.so" to ""
[5.557s] -- Installing: /home/crist/smartwalker_ws/install/custom_interfaces/lib/libcustom_interfaces__rosidl_typesupport_introspection_c.so
[5.558s] -- Set runtime path of "/home/crist/smartwalker_ws/install/custom_interfaces/lib/libcustom_interfaces__rosidl_typesupport_introspection_c.so" to ""
[5.558s] -- Installing: /home/crist/smartwalker_ws/install/custom_interfaces/lib/libcustom_interfaces__rosidl_typesupport_c.so
[5.558s] -- Set runtime path of "/home/crist/smartwalker_ws/install/custom_interfaces/lib/libcustom_interfaces__rosidl_typesupport_c.so" to ""
[5.558s] -- Installing: /home/crist/smartwalker_ws/install/custom_interfaces/lib/libcustom_interfaces__rosidl_typesupport_introspection_cpp.so
[5.558s] -- Set runtime path of "/home/crist/smartwalker_ws/install/custom_interfaces/lib/libcustom_interfaces__rosidl_typesupport_introspection_cpp.so" to ""
[5.559s] -- Installing: /home/crist/smartwalker_ws/install/custom_interfaces/lib/libcustom_interfaces__rosidl_typesupport_cpp.so
[5.559s] -- Set runtime path of "/home/crist/smartwalker_ws/install/custom_interfaces/lib/libcustom_interfaces__rosidl_typesupport_cpp.so" to ""
[5.593s] Listing '/home/crist/smartwalker_ws/install/custom_interfaces/local/lib/python3.10/dist-packages/custom_interfaces'...
[5.593s] Compiling '/home/crist/smartwalker_ws/install/custom_interfaces/local/lib/python3.10/dist-packages/custom_interfaces/__init__.py'...
[5.593s] Listing '/home/crist/smartwalker_ws/install/custom_interfaces/local/lib/python3.10/dist-packages/custom_interfaces/msg'...
[5.593s] Compiling '/home/crist/smartwalker_ws/install/custom_interfaces/local/lib/python3.10/dist-packages/custom_interfaces/msg/__init__.py'...
[5.593s] Compiling '/home/crist/smartwalker_ws/install/custom_interfaces/local/lib/python3.10/dist-packages/custom_interfaces/msg/_parameter.py'...
[5.593s] Listing '/home/crist/smartwalker_ws/install/custom_interfaces/local/lib/python3.10/dist-packages/custom_interfaces/srv'...
[5.593s] Compiling '/home/crist/smartwalker_ws/install/custom_interfaces/local/lib/python3.10/dist-packages/custom_interfaces/srv/__init__.py'...
[5.593s] Compiling '/home/crist/smartwalker_ws/install/custom_interfaces/local/lib/python3.10/dist-packages/custom_interfaces/srv/_csv_file_name.py'...
[5.593s] Compiling '/home/crist/smartwalker_ws/install/custom_interfaces/local/lib/python3.10/dist-packages/custom_interfaces/srv/_guide_selected.py'...
[5.594s] Compiling '/home/crist/smartwalker_ws/install/custom_interfaces/local/lib/python3.10/dist-packages/custom_interfaces/srv/_velocity_registration.py'...
[5.596s] -- Installing: /home/crist/smartwalker_ws/install/custom_interfaces/lib/libcustom_interfaces__rosidl_generator_py.so
[5.597s] -- Set runtime path of "/home/crist/smartwalker_ws/install/custom_interfaces/lib/libcustom_interfaces__rosidl_generator_py.so" to ""
[5.597s] -- Installing: /home/crist/smartwalker_ws/install/custom_interfaces/share/custom_interfaces/cmake/export_custom_interfaces__rosidl_generator_cExport.cmake
[5.597s] -- Installing: /home/crist/smartwalker_ws/install/custom_interfaces/share/custom_interfaces/cmake/export_custom_interfaces__rosidl_generator_cExport-noconfig.cmake
[5.597s] -- Installing: /home/crist/smartwalker_ws/install/custom_interfaces/share/custom_interfaces/cmake/export_custom_interfaces__rosidl_typesupport_fastrtps_cExport.cmake
[5.597s] -- Installing: /home/crist/smartwalker_ws/install/custom_interfaces/share/custom_interfaces/cmake/export_custom_interfaces__rosidl_typesupport_fastrtps_cExport-noconfig.cmake
[5.597s] -- Installing: /home/crist/smartwalker_ws/install/custom_interfaces/share/custom_interfaces/cmake/export_custom_interfaces__rosidl_generator_cppExport.cmake
[5.598s] -- Installing: /home/crist/smartwalker_ws/install/custom_interfaces/share/custom_interfaces/cmake/export_custom_interfaces__rosidl_typesupport_fastrtps_cppExport.cmake
[5.598s] -- Installing: /home/crist/smartwalker_ws/install/custom_interfaces/share/custom_interfaces/cmake/export_custom_interfaces__rosidl_typesupport_fastrtps_cppExport-noconfig.cmake
[5.598s] -- Installing: /home/crist/smartwalker_ws/install/custom_interfaces/share/custom_interfaces/cmake/custom_interfaces__rosidl_typesupport_introspection_cExport.cmake
[5.598s] -- Installing: /home/crist/smartwalker_ws/install/custom_interfaces/share/custom_interfaces/cmake/custom_interfaces__rosidl_typesupport_introspection_cExport-noconfig.cmake
[5.598s] -- Installing: /home/crist/smartwalker_ws/install/custom_interfaces/share/custom_interfaces/cmake/custom_interfaces__rosidl_typesupport_cExport.cmake
[5.598s] -- Installing: /home/crist/smartwalker_ws/install/custom_interfaces/share/custom_interfaces/cmake/custom_interfaces__rosidl_typesupport_cExport-noconfig.cmake
[5.599s] -- Installing: /home/crist/smartwalker_ws/install/custom_interfaces/share/custom_interfaces/cmake/custom_interfaces__rosidl_typesupport_introspection_cppExport.cmake
[5.599s] -- Installing: /home/crist/smartwalker_ws/install/custom_interfaces/share/custom_interfaces/cmake/custom_interfaces__rosidl_typesupport_introspection_cppExport-noconfig.cmake
[5.599s] -- Installing: /home/crist/smartwalker_ws/install/custom_interfaces/share/custom_interfaces/cmake/custom_interfaces__rosidl_typesupport_cppExport.cmake
[5.599s] -- Installing: /home/crist/smartwalker_ws/install/custom_interfaces/share/custom_interfaces/cmake/custom_interfaces__rosidl_typesupport_cppExport-noconfig.cmake
[5.599s] -- Installing: /home/crist/smartwalker_ws/install/custom_interfaces/share/custom_interfaces/cmake/export_custom_interfaces__rosidl_generator_pyExport.cmake
[5.599s] -- Installing: /home/crist/smartwalker_ws/install/custom_interfaces/share/custom_interfaces/cmake/export_custom_interfaces__rosidl_generator_pyExport-noconfig.cmake
[5.602s] Invoked command in '/home/crist/smartwalker_ws/build/custom_interfaces' returned '0': CMAKE_PREFIX_PATH=${CMAKE_PREFIX_PATH}:/home/crist/tesi/install/tesi_pkg:/home/crist/turtlebot3_ws/install/turtlebot3_teleop:/home/crist/turtlebot3_ws/install/turtlebot3_example:/home/crist/turtlebot_workspace/install/turtlebot_controller:/opt/ros/humble /usr/bin/cmake --install /home/crist/smartwalker_ws/build/custom_interfaces
